{"/home/travis/build/npmtest/node-npmtest-soap/test.js":{"path":"/home/travis/build/npmtest/node-npmtest-soap/test.js","s":{"1":2,"2":2,"3":2,"4":2,"5":2,"6":2,"7":2,"8":1,"9":2,"10":2,"11":1,"12":1,"13":1,"14":1,"15":2,"16":2,"17":2,"18":2,"19":1,"20":1,"21":2,"22":2,"23":2,"24":1,"25":1,"26":1,"27":1,"28":1,"29":1,"30":1,"31":1,"32":1,"33":1,"34":1,"35":1,"36":2,"37":2,"38":1,"39":2,"40":2,"41":1,"42":2,"43":2,"44":1,"45":1,"46":1,"47":1,"48":1},"b":{"1":[2,1,1,1],"2":[1,1,1,1],"3":[1,1],"4":[1,1],"5":[1,1],"6":[1,1],"7":[1,1],"8":[1,1],"9":[1,1,1],"10":[1,1],"11":[1,1],"12":[1,1],"13":[1,1],"14":[1,1],"15":[1,1]},"f":{"1":2,"2":2,"3":2,"4":2,"5":2,"6":1,"7":1,"8":2,"9":2,"10":2,"11":1},"fnMap":{"1":{"name":"(anonymous_1)","line":12,"loc":{"start":{"line":12,"column":1},"end":{"line":12,"column":13}}},"2":{"name":"(anonymous_2)","line":19,"loc":{"start":{"line":19,"column":5},"end":{"line":19,"column":17}}},"3":{"name":"(anonymous_3)","line":23,"loc":{"start":{"line":23,"column":24},"end":{"line":23,"column":36}}},"4":{"name":"(anonymous_4)","line":61,"loc":{"start":{"line":61,"column":5},"end":{"line":61,"column":17}}},"5":{"name":"(anonymous_5)","line":82,"loc":{"start":{"line":82,"column":5},"end":{"line":82,"column":17}}},"6":{"name":"(anonymous_6)","line":102,"loc":{"start":{"line":102,"column":83},"end":{"line":105,"column":10}},"skip":true},"7":{"name":"(anonymous_7)","line":113,"loc":{"start":{"line":113,"column":77},"end":{"line":116,"column":10}},"skip":true},"8":{"name":"(anonymous_8)","line":127,"loc":{"start":{"line":127,"column":77},"end":{"line":130,"column":10}},"skip":true},"9":{"name":"(anonymous_9)","line":138,"loc":{"start":{"line":138,"column":83},"end":{"line":141,"column":10}},"skip":true},"10":{"name":"(anonymous_10)","line":149,"loc":{"start":{"line":149,"column":79},"end":{"line":152,"column":10}},"skip":true},"11":{"name":"(anonymous_11)","line":160,"loc":{"start":{"line":160,"column":75},"end":{"line":163,"column":10}},"skip":true}},"statementMap":{"1":{"start":{"line":12,"column":0},"end":{"line":175,"column":5}},"2":{"start":{"line":14,"column":4},"end":{"line":14,"column":14}},"3":{"start":{"line":19,"column":4},"end":{"line":56,"column":9}},"4":{"start":{"line":21,"column":8},"end":{"line":21,"column":19}},"5":{"start":{"line":23,"column":8},"end":{"line":35,"column":13}},"6":{"start":{"line":24,"column":12},"end":{"line":34,"column":13}},"7":{"start":{"line":25,"column":16},"end":{"line":28,"column":30}},"8":{"start":{"line":30,"column":16},"end":{"line":33,"column":27}},"9":{"start":{"line":37,"column":8},"end":{"line":39,"column":21}},"10":{"start":{"line":40,"column":8},"end":{"line":53,"column":9}},"11":{"start":{"line":43,"column":12},"end":{"line":46,"column":14}},"12":{"start":{"line":47,"column":12},"end":{"line":47,"column":18}},"13":{"start":{"line":50,"column":12},"end":{"line":51,"column":46}},"14":{"start":{"line":52,"column":12},"end":{"line":52,"column":18}},"15":{"start":{"line":55,"column":8},"end":{"line":55,"column":35}},"16":{"start":{"line":61,"column":4},"end":{"line":63,"column":9}},"17":{"start":{"line":62,"column":8},"end":{"line":62,"column":15}},"18":{"start":{"line":64,"column":4},"end":{"line":77,"column":5}},"19":{"start":{"line":70,"column":8},"end":{"line":70,"column":14}},"20":{"start":{"line":76,"column":8},"end":{"line":76,"column":14}},"21":{"start":{"line":82,"column":4},"end":{"line":84,"column":9}},"22":{"start":{"line":83,"column":8},"end":{"line":83,"column":15}},"23":{"start":{"line":85,"column":4},"end":{"line":174,"column":5}},"24":{"start":{"line":92,"column":8},"end":{"line":94,"column":63}},"25":{"start":{"line":95,"column":8},"end":{"line":95,"column":14}},"26":{"start":{"line":102,"column":8},"end":{"line":111,"column":10},"skip":true},"27":{"start":{"line":109,"column":12},"end":{"line":109,"column":55},"skip":true},"28":{"start":{"line":110,"column":12},"end":{"line":110,"column":48},"skip":true},"29":{"start":{"line":113,"column":8},"end":{"line":125,"column":10},"skip":true},"30":{"start":{"line":120,"column":12},"end":{"line":120,"column":76},"skip":true},"31":{"start":{"line":121,"column":12},"end":{"line":121,"column":73},"skip":true},"32":{"start":{"line":122,"column":12},"end":{"line":122,"column":74},"skip":true},"33":{"start":{"line":123,"column":12},"end":{"line":123,"column":25},"skip":true},"34":{"start":{"line":124,"column":12},"end":{"line":124,"column":45},"skip":true},"35":{"start":{"line":127,"column":8},"end":{"line":136,"column":10},"skip":true},"36":{"start":{"line":134,"column":12},"end":{"line":134,"column":25},"skip":true},"37":{"start":{"line":135,"column":12},"end":{"line":135,"column":45},"skip":true},"38":{"start":{"line":138,"column":8},"end":{"line":147,"column":10},"skip":true},"39":{"start":{"line":145,"column":12},"end":{"line":145,"column":25},"skip":true},"40":{"start":{"line":146,"column":12},"end":{"line":146,"column":48},"skip":true},"41":{"start":{"line":149,"column":8},"end":{"line":158,"column":10},"skip":true},"42":{"start":{"line":156,"column":12},"end":{"line":156,"column":25},"skip":true},"43":{"start":{"line":157,"column":12},"end":{"line":157,"column":46},"skip":true},"44":{"start":{"line":160,"column":8},"end":{"line":169,"column":10},"skip":true},"45":{"start":{"line":167,"column":12},"end":{"line":167,"column":94},"skip":true},"46":{"start":{"line":168,"column":12},"end":{"line":168,"column":48},"skip":true},"47":{"start":{"line":172,"column":8},"end":{"line":172,"column":35},"skip":true},"48":{"start":{"line":173,"column":8},"end":{"line":173,"column":14},"skip":true}},"branchMap":{"1":{"line":25,"type":"binary-expr","locations":[{"start":{"line":25,"column":23},"end":{"line":25,"column":62}},{"start":{"line":26,"column":20},"end":{"line":26,"column":70}},{"start":{"line":27,"column":20},"end":{"line":27,"column":71}},{"start":{"line":28,"column":20},"end":{"line":28,"column":29}}]},"2":{"line":30,"type":"binary-expr","locations":[{"start":{"line":30,"column":23},"end":{"line":30,"column":37}},{"start":{"line":31,"column":20},"end":{"line":31,"column":61}},{"start":{"line":32,"column":20},"end":{"line":32,"column":70}},{"start":{"line":33,"column":20},"end":{"line":33,"column":26}}]},"3":{"line":37,"type":"cond-expr","locations":[{"start":{"line":38,"column":14},"end":{"line":38,"column":20}},{"start":{"line":39,"column":14},"end":{"line":39,"column":20}}]},"4":{"line":40,"type":"switch","locations":[{"start":{"line":42,"column":8},"end":{"line":47,"column":18}},{"start":{"line":49,"column":8},"end":{"line":52,"column":18}}]},"5":{"line":44,"type":"binary-expr","locations":[{"start":{"line":44,"column":16},"end":{"line":44,"column":44}},{"start":{"line":44,"column":48},"end":{"line":44,"column":66}}]},"6":{"line":50,"type":"binary-expr","locations":[{"start":{"line":50,"column":21},"end":{"line":50,"column":49}},{"start":{"line":50,"column":53},"end":{"line":50,"column":72}}]},"7":{"line":64,"type":"switch","locations":[{"start":{"line":69,"column":4},"end":{"line":70,"column":14}},{"start":{"line":75,"column":4},"end":{"line":76,"column":14}}]},"8":{"line":85,"type":"switch","locations":[{"start":{"line":90,"column":4},"end":{"line":95,"column":14}},{"start":{"line":101,"column":4},"end":{"line":173,"column":14},"skip":true}]},"9":{"line":92,"type":"binary-expr","locations":[{"start":{"line":92,"column":18},"end":{"line":92,"column":32}},{"start":{"line":93,"column":12},"end":{"line":93,"column":53}},{"start":{"line":94,"column":12},"end":{"line":94,"column":61}}]},"10":{"line":102,"type":"binary-expr","locations":[{"start":{"line":102,"column":45},"end":{"line":102,"column":79},"skip":true},{"start":{"line":102,"column":83},"end":{"line":111,"column":9},"skip":true}]},"11":{"line":113,"type":"binary-expr","locations":[{"start":{"line":113,"column":42},"end":{"line":113,"column":73},"skip":true},{"start":{"line":113,"column":77},"end":{"line":125,"column":9},"skip":true}]},"12":{"line":127,"type":"binary-expr","locations":[{"start":{"line":127,"column":42},"end":{"line":127,"column":73},"skip":true},{"start":{"line":127,"column":77},"end":{"line":136,"column":9},"skip":true}]},"13":{"line":138,"type":"binary-expr","locations":[{"start":{"line":138,"column":45},"end":{"line":138,"column":79},"skip":true},{"start":{"line":138,"column":83},"end":{"line":147,"column":9},"skip":true}]},"14":{"line":149,"type":"binary-expr","locations":[{"start":{"line":149,"column":43},"end":{"line":149,"column":75},"skip":true},{"start":{"line":149,"column":79},"end":{"line":158,"column":9},"skip":true}]},"15":{"line":160,"type":"binary-expr","locations":[{"start":{"line":160,"column":41},"end":{"line":160,"column":71},"skip":true},{"start":{"line":160,"column":75},"end":{"line":169,"column":9},"skip":true}]}},"code":["/* istanbul instrument in package npmtest_soap */","/*jslint","    bitwise: true,","    browser: true,","    maxerr: 8,","    maxlen: 96,","    node: true,","    nomen: true,","    regexp: true,","    stupid: true","*/","(function () {","    'use strict';","    var local;","","","","    // run shared js-env code - pre-init","    (function () {","        // init local","        local = {};","        // init modeJs","        local.modeJs = (function () {","            try {","                return typeof navigator.userAgent === 'string' &&","                    typeof document.querySelector('body') === 'object' &&","                    typeof XMLHttpRequest.prototype.open === 'function' &&","                    'browser';","            } catch (errorCaughtBrowser) {","                return module.exports &&","                    typeof process.versions.node === 'string' &&","                    typeof require('http').createServer === 'function' &&","                    'node';","            }","        }());","        // init global","        local.global = local.modeJs === 'browser'","            ? window","            : global;","        switch (local.modeJs) {","        // re-init local from window.local","        case 'browser':","            local = local.global.utility2.objectSetDefault(","                local.global.utility2_rollup || local.global.local,","                local.global.utility2","            );","            break;","        // re-init local from example.js","        case 'node':","            local = (local.global.utility2_rollup || require('utility2'))","                .requireExampleJsFromReadme();","            break;","        }","        // export local","        local.global.local = local;","    }());","","","","    // run shared js-env code - function","    (function () {","        return;","    }());","    switch (local.modeJs) {","","","","    // run browser js-env code - function","    case 'browser':","        break;","","","","    // run node js-env code - function","    case 'node':","        break;","    }","","","","    // run shared js-env code - post-init","    (function () {","        return;","    }());","    switch (local.modeJs) {","","","","    // run browser js-env code - post-init","    case 'browser':","        // run tests","        local.nop(local.modeTest &&","            document.querySelector('#testRunButton1') &&","            document.querySelector('#testRunButton1').click());","        break;","","","","    // run node js-env code - post-init","    /* istanbul ignore next */","    case 'node':","        local.testCase_buildApidoc_default = local.testCase_buildApidoc_default || function (","            options,","            onError","        ) {","        /*","         * this function will test buildApidoc's default handling-behavior-behavior","         */","            options = { modulePathList: module.paths };","            local.buildApidoc(options, onError);","        };","","        local.testCase_buildApp_default = local.testCase_buildApp_default || function (","            options,","            onError","        ) {","        /*","         * this function will test buildApp's default handling-behavior-behavior","         */","            local.testCase_buildReadme_default(options, local.onErrorThrow);","            local.testCase_buildLib_default(options, local.onErrorThrow);","            local.testCase_buildTest_default(options, local.onErrorThrow);","            options = [];","            local.buildApp(options, onError);","        };","","        local.testCase_buildLib_default = local.testCase_buildLib_default || function (","            options,","            onError","        ) {","        /*","         * this function will test buildLib's default handling-behavior","         */","            options = {};","            local.buildLib(options, onError);","        };","","        local.testCase_buildReadme_default = local.testCase_buildReadme_default || function (","            options,","            onError","        ) {","        /*","         * this function will test buildReadme's default handling-behavior-behavior","         */","            options = {};","            local.buildReadme(options, onError);","        };","","        local.testCase_buildTest_default = local.testCase_buildTest_default || function (","            options,","            onError","        ) {","        /*","         * this function will test buildTest's default handling-behavior","         */","            options = {};","            local.buildTest(options, onError);","        };","","        local.testCase_webpage_default = local.testCase_webpage_default || function (","            options,","            onError","        ) {","        /*","         * this function will test webpage's default handling-behavior","         */","            options = { modeCoverageMerge: true, url: local.serverLocalHost + '?modeTest=1' };","            local.browserTest(options, onError);","        };","","        // run test-server","        local.testRunServer(local);","        break;","    }","}());",""],"l":{"12":2,"14":2,"19":2,"21":2,"23":2,"24":2,"25":2,"30":1,"37":2,"40":2,"43":1,"47":1,"50":1,"52":1,"55":2,"61":2,"62":2,"64":2,"70":1,"76":1,"82":2,"83":2,"85":2,"92":1,"95":1,"102":1,"109":1,"110":1,"113":1,"120":1,"121":1,"122":1,"123":1,"124":1,"127":1,"134":2,"135":2,"138":1,"145":2,"146":2,"149":1,"156":2,"157":2,"160":1,"167":1,"168":1,"172":1,"173":1}},"/home/travis/build/npmtest/node-npmtest-soap/lib.npmtest_soap.js":{"path":"/home/travis/build/npmtest/node-npmtest-soap/lib.npmtest_soap.js","s":{"1":2,"2":2,"3":2,"4":2,"5":2,"6":2,"7":2,"8":1,"9":2,"10":2,"11":2,"12":2,"13":1,"14":1,"15":1,"16":1},"b":{"1":[2,1,1,1],"2":[1,1,1,1],"3":[1,1],"4":[2,2],"5":[1,1]},"f":{"1":2,"2":2,"3":2},"fnMap":{"1":{"name":"(anonymous_1)","line":12,"loc":{"start":{"line":12,"column":1},"end":{"line":12,"column":13}}},"2":{"name":"(anonymous_2)","line":19,"loc":{"start":{"line":19,"column":5},"end":{"line":19,"column":17}}},"3":{"name":"(anonymous_3)","line":23,"loc":{"start":{"line":23,"column":24},"end":{"line":23,"column":36}}}},"statementMap":{"1":{"start":{"line":12,"column":0},"end":{"line":53,"column":5}},"2":{"start":{"line":14,"column":4},"end":{"line":14,"column":14}},"3":{"start":{"line":19,"column":4},"end":{"line":52,"column":9}},"4":{"start":{"line":21,"column":8},"end":{"line":21,"column":19}},"5":{"start":{"line":23,"column":8},"end":{"line":35,"column":13}},"6":{"start":{"line":24,"column":12},"end":{"line":34,"column":13}},"7":{"start":{"line":25,"column":16},"end":{"line":28,"column":30}},"8":{"start":{"line":30,"column":16},"end":{"line":33,"column":27}},"9":{"start":{"line":37,"column":8},"end":{"line":39,"column":21}},"10":{"start":{"line":41,"column":8},"end":{"line":41,"column":54}},"11":{"start":{"line":43,"column":8},"end":{"line":43,"column":49}},"12":{"start":{"line":45,"column":8},"end":{"line":51,"column":9}},"13":{"start":{"line":46,"column":12},"end":{"line":46,"column":55}},"14":{"start":{"line":48,"column":12},"end":{"line":48,"column":35}},"15":{"start":{"line":49,"column":12},"end":{"line":49,"column":49}},"16":{"start":{"line":50,"column":12},"end":{"line":50,"column":43}}},"branchMap":{"1":{"line":25,"type":"binary-expr","locations":[{"start":{"line":25,"column":23},"end":{"line":25,"column":62}},{"start":{"line":26,"column":20},"end":{"line":26,"column":70}},{"start":{"line":27,"column":20},"end":{"line":27,"column":71}},{"start":{"line":28,"column":20},"end":{"line":28,"column":29}}]},"2":{"line":30,"type":"binary-expr","locations":[{"start":{"line":30,"column":23},"end":{"line":30,"column":37}},{"start":{"line":31,"column":20},"end":{"line":31,"column":61}},{"start":{"line":32,"column":20},"end":{"line":32,"column":70}},{"start":{"line":33,"column":20},"end":{"line":33,"column":26}}]},"3":{"line":37,"type":"cond-expr","locations":[{"start":{"line":38,"column":14},"end":{"line":38,"column":20}},{"start":{"line":39,"column":14},"end":{"line":39,"column":20}}]},"4":{"line":41,"type":"binary-expr","locations":[{"start":{"line":41,"column":16},"end":{"line":41,"column":44}},{"start":{"line":41,"column":48},"end":{"line":41,"column":53}}]},"5":{"line":45,"type":"if","locations":[{"start":{"line":45,"column":8},"end":{"line":45,"column":8}},{"start":{"line":45,"column":8},"end":{"line":45,"column":8}}]}},"code":["/* istanbul instrument in package npmtest_soap */","/*jslint","    bitwise: true,","    browser: true,","    maxerr: 8,","    maxlen: 96,","    node: true,","    nomen: true,","    regexp: true,","    stupid: true","*/","(function () {","    'use strict';","    var local;","","","","    // run shared js-env code - pre-init","    (function () {","        // init local","        local = {};","        // init modeJs","        local.modeJs = (function () {","            try {","                return typeof navigator.userAgent === 'string' &&","                    typeof document.querySelector('body') === 'object' &&","                    typeof XMLHttpRequest.prototype.open === 'function' &&","                    'browser';","            } catch (errorCaughtBrowser) {","                return module.exports &&","                    typeof process.versions.node === 'string' &&","                    typeof require('http').createServer === 'function' &&","                    'node';","            }","        }());","        // init global","        local.global = local.modeJs === 'browser'","            ? window","            : global;","        // init utility2_rollup","        local = local.global.utility2_rollup || local;","        // init lib","        local.local = local.npmtest_soap = local;","        // init exports","        if (local.modeJs === 'browser') {","            local.global.utility2_npmtest_soap = local;","        } else {","            module.exports = local;","            module.exports.__dirname = __dirname;","            module.exports.module = module;","        }","    }());","}());",""],"l":{"12":2,"14":2,"19":2,"21":2,"23":2,"24":2,"25":2,"30":1,"37":2,"41":2,"43":2,"45":2,"46":1,"48":1,"49":1,"50":1}},"/home/travis/build/npmtest/node-npmtest-soap/example.js":{"path":"/home/travis/build/npmtest/node-npmtest-soap/example.js","s":{"1":2,"2":2,"3":2,"4":2,"5":2,"6":2,"7":2,"8":1,"9":2,"10":2,"11":2,"12":2,"13":1,"14":2,"15":2,"16":2,"17":2,"18":2,"19":0,"20":2,"21":1,"22":1,"23":1,"24":1,"25":1,"26":0,"27":0,"28":1,"29":1,"30":2,"31":0,"32":0,"33":0,"34":1,"35":2,"36":2,"37":2,"38":2,"39":2,"40":2,"41":0,"42":2,"43":2,"44":2,"45":1,"46":3,"47":1,"48":1,"49":1,"50":1,"51":1,"52":1,"53":1,"54":1,"55":1,"56":1,"57":0,"58":1,"59":6,"60":6,"61":1,"62":2,"63":0,"64":2,"65":1,"66":1,"67":0,"68":0,"69":0,"70":0,"71":0,"72":0,"73":0,"74":0,"75":0,"76":0,"77":0,"78":0,"79":0,"80":0,"81":0,"82":0,"83":0},"b":{"1":[2,1,1,1],"2":[1,1,1,1],"3":[1,1],"4":[2,2],"5":[1,1],"6":[1,1],"7":[2,0],"8":[2,1,1,1,1,1],"9":[0,2,0],"10":[1,1],"11":[2,1,1],"12":[1,0],"13":[0,2],"14":[2,0,0,0,0,0,0],"15":[0,2],"16":[2,0],"17":[1,1],"18":[0,1],"19":[1,2,0,2],"20":[1,0],"21":[1,1],"22":[0,0],"23":[0,0],"24":[0,0],"25":[0,0],"26":[0,0],"27":[0,0],"28":[0,0]},"f":{"1":2,"2":2,"3":2,"4":2,"5":2,"6":2,"7":2,"8":2,"9":3,"10":1,"11":6,"12":0},"fnMap":{"1":{"name":"(anonymous_1)","line":26,"loc":{"start":{"line":26,"column":1},"end":{"line":26,"column":13}}},"2":{"name":"(anonymous_2)","line":33,"loc":{"start":{"line":33,"column":5},"end":{"line":33,"column":17}}},"3":{"name":"(anonymous_3)","line":37,"loc":{"start":{"line":37,"column":24},"end":{"line":37,"column":36}}},"4":{"name":"(anonymous_4)","line":69,"loc":{"start":{"line":69,"column":31},"end":{"line":69,"column":48}},"skip":true},"5":{"name":"(anonymous_5)","line":78,"loc":{"start":{"line":78,"column":26},"end":{"line":78,"column":45}},"skip":true},"6":{"name":"(anonymous_6)","line":123,"loc":{"start":{"line":123,"column":33},"end":{"line":123,"column":48}},"skip":true},"7":{"name":"(anonymous_7)","line":125,"loc":{"start":{"line":125,"column":27},"end":{"line":125,"column":39}},"skip":true},"8":{"name":"(anonymous_8)","line":133,"loc":{"start":{"line":133,"column":59},"end":{"line":133,"column":74}},"skip":true},"9":{"name":"(anonymous_9)","line":143,"loc":{"start":{"line":143,"column":45},"end":{"line":143,"column":62}},"skip":true},"10":{"name":"(anonymous_10)","line":144,"loc":{"start":{"line":144,"column":73},"end":{"line":144,"column":92}},"skip":true},"11":{"name":"(anonymous_11)","line":272,"loc":{"start":{"line":272,"column":51},"end":{"line":272,"column":77}},"skip":true},"12":{"name":"(anonymous_12)","line":314,"loc":{"start":{"line":314,"column":32},"end":{"line":314,"column":61}},"skip":true}},"statementMap":{"1":{"start":{"line":26,"column":0},"end":{"line":325,"column":5}},"2":{"start":{"line":28,"column":4},"end":{"line":28,"column":14}},"3":{"start":{"line":33,"column":4},"end":{"line":60,"column":9}},"4":{"start":{"line":35,"column":8},"end":{"line":35,"column":19}},"5":{"start":{"line":37,"column":8},"end":{"line":49,"column":13}},"6":{"start":{"line":38,"column":12},"end":{"line":48,"column":13}},"7":{"start":{"line":39,"column":16},"end":{"line":42,"column":30}},"8":{"start":{"line":44,"column":16},"end":{"line":47,"column":27}},"9":{"start":{"line":51,"column":8},"end":{"line":53,"column":21}},"10":{"start":{"line":55,"column":8},"end":{"line":57,"column":45}},"11":{"start":{"line":59,"column":8},"end":{"line":59,"column":35}},"12":{"start":{"line":61,"column":4},"end":{"line":324,"column":5}},"13":{"start":{"line":69,"column":8},"end":{"line":121,"column":10},"skip":true},"14":{"start":{"line":70,"column":12},"end":{"line":88,"column":13},"skip":true},"15":{"start":{"line":76,"column":16},"end":{"line":87,"column":19},"skip":true},"16":{"start":{"line":79,"column":20},"end":{"line":86,"column":21},"skip":true},"17":{"start":{"line":82,"column":24},"end":{"line":82,"column":43},"skip":true},"18":{"start":{"line":83,"column":24},"end":{"line":83,"column":30},"skip":true},"19":{"start":{"line":85,"column":24},"end":{"line":85,"column":49},"skip":true},"20":{"start":{"line":89,"column":12},"end":{"line":107,"column":13},"skip":true},"21":{"start":{"line":92,"column":16},"end":{"line":102,"column":17},"skip":true},"22":{"start":{"line":93,"column":20},"end":{"line":93,"column":86},"skip":true},"23":{"start":{"line":94,"column":20},"end":{"line":95,"column":45},"skip":true},"24":{"start":{"line":96,"column":20},"end":{"line":96,"column":42},"skip":true},"25":{"start":{"line":97,"column":20},"end":{"line":97,"column":48},"skip":true},"26":{"start":{"line":100,"column":20},"end":{"line":100,"column":85},"skip":true},"27":{"start":{"line":101,"column":20},"end":{"line":101,"column":96},"skip":true},"28":{"start":{"line":103,"column":16},"end":{"line":103,"column":22},"skip":true},"29":{"start":{"line":106,"column":16},"end":{"line":106,"column":22},"skip":true},"30":{"start":{"line":108,"column":12},"end":{"line":120,"column":13},"skip":true},"31":{"start":{"line":114,"column":16},"end":{"line":119,"column":17},"skip":true},"32":{"start":{"line":116,"column":20},"end":{"line":116,"column":78},"skip":true},"33":{"start":{"line":118,"column":20},"end":{"line":118,"column":53},"skip":true},"34":{"start":{"line":123,"column":8},"end":{"line":141,"column":11},"skip":true},"35":{"start":{"line":124,"column":12},"end":{"line":124,"column":54},"skip":true},"36":{"start":{"line":125,"column":12},"end":{"line":140,"column":14},"skip":true},"37":{"start":{"line":126,"column":16},"end":{"line":126,"column":28},"skip":true},"38":{"start":{"line":127,"column":16},"end":{"line":127,"column":69},"skip":true},"39":{"start":{"line":128,"column":16},"end":{"line":128,"column":75},"skip":true},"40":{"start":{"line":129,"column":16},"end":{"line":131,"column":17},"skip":true},"41":{"start":{"line":130,"column":20},"end":{"line":130,"column":27},"skip":true},"42":{"start":{"line":133,"column":16},"end":{"line":137,"column":36},"skip":true},"43":{"start":{"line":134,"column":20},"end":{"line":136,"column":55},"skip":true},"44":{"start":{"line":139,"column":16},"end":{"line":139,"column":57},"skip":true},"45":{"start":{"line":143,"column":8},"end":{"line":147,"column":11},"skip":true},"46":{"start":{"line":144,"column":12},"end":{"line":146,"column":15},"skip":true},"47":{"start":{"line":145,"column":16},"end":{"line":145,"column":70},"skip":true},"48":{"start":{"line":149,"column":8},"end":{"line":149,"column":31},"skip":true},"49":{"start":{"line":150,"column":8},"end":{"line":150,"column":14},"skip":true},"50":{"start":{"line":158,"column":8},"end":{"line":158,"column":31},"skip":true},"51":{"start":{"line":160,"column":8},"end":{"line":160,"column":33},"skip":true},"52":{"start":{"line":161,"column":8},"end":{"line":161,"column":37},"skip":true},"53":{"start":{"line":162,"column":8},"end":{"line":162,"column":35},"skip":true},"54":{"start":{"line":164,"column":8},"end":{"line":164,"column":50},"skip":true},"55":{"start":{"line":166,"column":8},"end":{"line":256,"column":2},"skip":true},"56":{"start":{"line":258,"column":8},"end":{"line":286,"column":9},"skip":true},"57":{"start":{"line":259,"column":12},"end":{"line":269,"column":14},"skip":true},"58":{"start":{"line":271,"column":12},"end":{"line":285,"column":19},"skip":true},"59":{"start":{"line":274,"column":20},"end":{"line":274,"column":35},"skip":true},"60":{"start":{"line":275,"column":20},"end":{"line":284,"column":21},"skip":true},"61":{"start":{"line":277,"column":24},"end":{"line":277,"column":64},"skip":true},"62":{"start":{"line":279,"column":24},"end":{"line":279,"column":40},"skip":true},"63":{"start":{"line":281,"column":24},"end":{"line":281,"column":40},"skip":true},"64":{"start":{"line":283,"column":24},"end":{"line":283,"column":39},"skip":true},"65":{"start":{"line":288,"column":8},"end":{"line":290,"column":9},"skip":true},"66":{"start":{"line":289,"column":12},"end":{"line":289,"column":18},"skip":true},"67":{"start":{"line":291,"column":8},"end":{"line":293,"column":54},"skip":true},"68":{"start":{"line":294,"column":8},"end":{"line":301,"column":37},"skip":true},"69":{"start":{"line":302,"column":8},"end":{"line":302,"column":82},"skip":true},"70":{"start":{"line":305,"column":8},"end":{"line":307,"column":9},"skip":true},"71":{"start":{"line":306,"column":12},"end":{"line":306,"column":82},"skip":true},"72":{"start":{"line":309,"column":8},"end":{"line":311,"column":9},"skip":true},"73":{"start":{"line":310,"column":12},"end":{"line":310,"column":18},"skip":true},"74":{"start":{"line":312,"column":8},"end":{"line":312,"column":54},"skip":true},"75":{"start":{"line":313,"column":8},"end":{"line":313,"column":69},"skip":true},"76":{"start":{"line":314,"column":8},"end":{"line":322,"column":36},"skip":true},"77":{"start":{"line":315,"column":12},"end":{"line":315,"column":61},"skip":true},"78":{"start":{"line":316,"column":12},"end":{"line":319,"column":13},"skip":true},"79":{"start":{"line":317,"column":16},"end":{"line":317,"column":75},"skip":true},"80":{"start":{"line":318,"column":16},"end":{"line":318,"column":23},"skip":true},"81":{"start":{"line":320,"column":12},"end":{"line":320,"column":38},"skip":true},"82":{"start":{"line":321,"column":12},"end":{"line":321,"column":27},"skip":true},"83":{"start":{"line":323,"column":8},"end":{"line":323,"column":14},"skip":true}},"branchMap":{"1":{"line":39,"type":"binary-expr","locations":[{"start":{"line":39,"column":23},"end":{"line":39,"column":62}},{"start":{"line":40,"column":20},"end":{"line":40,"column":70}},{"start":{"line":41,"column":20},"end":{"line":41,"column":71}},{"start":{"line":42,"column":20},"end":{"line":42,"column":29}}]},"2":{"line":44,"type":"binary-expr","locations":[{"start":{"line":44,"column":23},"end":{"line":44,"column":37}},{"start":{"line":45,"column":20},"end":{"line":45,"column":61}},{"start":{"line":46,"column":20},"end":{"line":46,"column":70}},{"start":{"line":47,"column":20},"end":{"line":47,"column":26}}]},"3":{"line":51,"type":"cond-expr","locations":[{"start":{"line":52,"column":14},"end":{"line":52,"column":20}},{"start":{"line":53,"column":14},"end":{"line":53,"column":20}}]},"4":{"line":55,"type":"binary-expr","locations":[{"start":{"line":55,"column":16},"end":{"line":55,"column":44}},{"start":{"line":55,"column":49},"end":{"line":57,"column":43}}]},"5":{"line":55,"type":"cond-expr","locations":[{"start":{"line":56,"column":14},"end":{"line":56,"column":48}},{"start":{"line":57,"column":14},"end":{"line":57,"column":43}}]},"6":{"line":61,"type":"switch","locations":[{"start":{"line":68,"column":4},"end":{"line":150,"column":14},"skip":true},{"start":{"line":156,"column":4},"end":{"line":323,"column":14},"skip":true}]},"7":{"line":70,"type":"if","locations":[{"start":{"line":70,"column":12},"end":{"line":70,"column":12},"skip":true},{"start":{"line":70,"column":12},"end":{"line":70,"column":12},"skip":true}]},"8":{"line":70,"type":"binary-expr","locations":[{"start":{"line":70,"column":16},"end":{"line":70,"column":22},"skip":true},{"start":{"line":70,"column":27},"end":{"line":70,"column":32},"skip":true},{"start":{"line":71,"column":20},"end":{"line":71,"column":39},"skip":true},{"start":{"line":72,"column":20},"end":{"line":72,"column":49},"skip":true},{"start":{"line":73,"column":20},"end":{"line":73,"column":58},"skip":true},{"start":{"line":74,"column":20},"end":{"line":74,"column":69},"skip":true}]},"9":{"line":79,"type":"switch","locations":[{"start":{"line":80,"column":20},"end":{"line":80,"column":33},"skip":true},{"start":{"line":81,"column":20},"end":{"line":83,"column":30},"skip":true},{"start":{"line":84,"column":20},"end":{"line":85,"column":49},"skip":true}]},"10":{"line":89,"type":"switch","locations":[{"start":{"line":90,"column":12},"end":{"line":103,"column":22},"skip":true},{"start":{"line":105,"column":12},"end":{"line":106,"column":22},"skip":true}]},"11":{"line":89,"type":"binary-expr","locations":[{"start":{"line":89,"column":20},"end":{"line":89,"column":25},"skip":true},{"start":{"line":89,"column":29},"end":{"line":89,"column":48},"skip":true},{"start":{"line":89,"column":52},"end":{"line":89,"column":74},"skip":true}]},"12":{"line":92,"type":"if","locations":[{"start":{"line":92,"column":16},"end":{"line":92,"column":16},"skip":true},{"start":{"line":92,"column":16},"end":{"line":92,"column":16},"skip":true}]},"13":{"line":108,"type":"if","locations":[{"start":{"line":108,"column":12},"end":{"line":108,"column":12},"skip":true},{"start":{"line":108,"column":12},"end":{"line":108,"column":12},"skip":true}]},"14":{"line":108,"type":"binary-expr","locations":[{"start":{"line":108,"column":16},"end":{"line":108,"column":61},"skip":true},{"start":{"line":108,"column":66},"end":{"line":108,"column":72},"skip":true},{"start":{"line":108,"column":77},"end":{"line":108,"column":82},"skip":true},{"start":{"line":109,"column":20},"end":{"line":109,"column":39},"skip":true},{"start":{"line":110,"column":20},"end":{"line":110,"column":49},"skip":true},{"start":{"line":111,"column":20},"end":{"line":111,"column":58},"skip":true},{"start":{"line":112,"column":20},"end":{"line":112,"column":68},"skip":true}]},"15":{"line":129,"type":"if","locations":[{"start":{"line":129,"column":16},"end":{"line":129,"column":16},"skip":true},{"start":{"line":129,"column":16},"end":{"line":129,"column":16},"skip":true}]},"16":{"line":134,"type":"cond-expr","locations":[{"start":{"line":135,"column":26},"end":{"line":135,"column":29},"skip":true},{"start":{"line":136,"column":26},"end":{"line":136,"column":54},"skip":true}]},"17":{"line":164,"type":"binary-expr","locations":[{"start":{"line":164,"column":27},"end":{"line":164,"column":43},"skip":true},{"start":{"line":164,"column":47},"end":{"line":164,"column":49},"skip":true}]},"18":{"line":258,"type":"if","locations":[{"start":{"line":258,"column":8},"end":{"line":258,"column":8},"skip":true},{"start":{"line":258,"column":8},"end":{"line":258,"column":8},"skip":true}]},"19":{"line":275,"type":"switch","locations":[{"start":{"line":276,"column":20},"end":{"line":277,"column":64},"skip":true},{"start":{"line":278,"column":20},"end":{"line":279,"column":40},"skip":true},{"start":{"line":280,"column":20},"end":{"line":281,"column":40},"skip":true},{"start":{"line":282,"column":20},"end":{"line":283,"column":39},"skip":true}]},"20":{"line":288,"type":"if","locations":[{"start":{"line":288,"column":8},"end":{"line":288,"column":8},"skip":true},{"start":{"line":288,"column":8},"end":{"line":288,"column":8},"skip":true}]},"21":{"line":288,"type":"binary-expr","locations":[{"start":{"line":288,"column":12},"end":{"line":288,"column":40},"skip":true},{"start":{"line":288,"column":44},"end":{"line":288,"column":67},"skip":true}]},"22":{"line":292,"type":"binary-expr","locations":[{"start":{"line":292,"column":12},"end":{"line":292,"column":50},"skip":true},{"start":{"line":293,"column":12},"end":{"line":293,"column":53},"skip":true}]},"23":{"line":295,"type":"binary-expr","locations":[{"start":{"line":295,"column":12},"end":{"line":295,"column":62},"skip":true},{"start":{"line":296,"column":12},"end":{"line":301,"column":36},"skip":true}]},"24":{"line":302,"type":"binary-expr","locations":[{"start":{"line":302,"column":43},"end":{"line":302,"column":75},"skip":true},{"start":{"line":302,"column":79},"end":{"line":302,"column":81},"skip":true}]},"25":{"line":305,"type":"if","locations":[{"start":{"line":305,"column":8},"end":{"line":305,"column":8},"skip":true},{"start":{"line":305,"column":8},"end":{"line":305,"column":8},"skip":true}]},"26":{"line":309,"type":"if","locations":[{"start":{"line":309,"column":8},"end":{"line":309,"column":8},"skip":true},{"start":{"line":309,"column":8},"end":{"line":309,"column":8},"skip":true}]},"27":{"line":312,"type":"binary-expr","locations":[{"start":{"line":312,"column":27},"end":{"line":312,"column":43},"skip":true},{"start":{"line":312,"column":47},"end":{"line":312,"column":53},"skip":true}]},"28":{"line":316,"type":"if","locations":[{"start":{"line":316,"column":12},"end":{"line":316,"column":12},"skip":true},{"start":{"line":316,"column":12},"end":{"line":316,"column":12},"skip":true}]}},"code":["/*","example.js","","quickstart example","","instruction","    1. save this script as example.js","    2. run the shell command:","        $ npm install npmtest-soap && PORT=8081 node example.js","    3. play with the browser-demo on http://127.0.0.1:8081","*/","","","","/* istanbul instrument in package npmtest_soap */","/*jslint","    bitwise: true,","    browser: true,","    maxerr: 8,","    maxlen: 96,","    node: true,","    nomen: true,","    regexp: true,","    stupid: true","*/","(function () {","    'use strict';","    var local;","","","","    // run shared js-env code - pre-init","    (function () {","        // init local","        local = {};","        // init modeJs","        local.modeJs = (function () {","            try {","                return typeof navigator.userAgent === 'string' &&","                    typeof document.querySelector('body') === 'object' &&","                    typeof XMLHttpRequest.prototype.open === 'function' &&","                    'browser';","            } catch (errorCaughtBrowser) {","                return module.exports &&","                    typeof process.versions.node === 'string' &&","                    typeof require('http').createServer === 'function' &&","                    'node';","            }","        }());","        // init global","        local.global = local.modeJs === 'browser'","            ? window","            : global;","        // init utility2_rollup","        local = local.global.utility2_rollup || (local.modeJs === 'browser'","            ? local.global.utility2_npmtest_soap","            : global.utility2_moduleExports);","        // export local","        local.global.local = local;","    }());","    switch (local.modeJs) {","","","","    // post-init","    // run browser js-env code - post-init","    /* istanbul ignore next */","    case 'browser':","        local.testRunBrowser = function (event) {","            if (!event || (event &&","                    event.currentTarget &&","                    event.currentTarget.className &&","                    event.currentTarget.className.includes &&","                    event.currentTarget.className.includes('onreset'))) {","                // reset output","                Array.from(","                    document.querySelectorAll('body > .resettable')","                ).forEach(function (element) {","                    switch (element.tagName) {","                    case 'INPUT':","                    case 'TEXTAREA':","                        element.value = '';","                        break;","                    default:","                        element.textContent = '';","                    }","                });","            }","            switch (event && event.currentTarget && event.currentTarget.id) {","            case 'testRunButton1':","                // show tests","                if (document.querySelector('#testReportDiv1').style.display === 'none') {","                    document.querySelector('#testReportDiv1').style.display = 'block';","                    document.querySelector('#testRunButton1').textContent =","                        'hide internal test';","                    local.modeTest = true;","                    local.testRunDefault(local);","                // hide tests","                } else {","                    document.querySelector('#testReportDiv1').style.display = 'none';","                    document.querySelector('#testRunButton1').textContent = 'run internal test';","                }","                break;","            // custom-case","            default:","                break;","            }","            if (document.querySelector('#inputTextareaEval1') && (!event || (event &&","                    event.currentTarget &&","                    event.currentTarget.className &&","                    event.currentTarget.className.includes &&","                    event.currentTarget.className.includes('oneval')))) {","                // try to eval input-code","                try {","                    /*jslint evil: true*/","                    eval(document.querySelector('#inputTextareaEval1').value);","                } catch (errorCaught) {","                    console.error(errorCaught.stack);","                }","            }","        };","        // log stderr and stdout to #outputTextareaStdout1","        ['error', 'log'].forEach(function (key) {","            console[key + '_original'] = console[key];","            console[key] = function () {","                var element;","                console[key + '_original'].apply(console, arguments);","                element = document.querySelector('#outputTextareaStdout1');","                if (!element) {","                    return;","                }","                // append text to #outputTextareaStdout1","                element.value += Array.from(arguments).map(function (arg) {","                    return typeof arg === 'string'","                        ? arg","                        : JSON.stringify(arg, null, 4);","                }).join(' ') + '\\n';","                // scroll textarea to bottom","                element.scrollTop = element.scrollHeight;","            };","        });","        // init event-handling","        ['change', 'click', 'keyup'].forEach(function (event) {","            Array.from(document.querySelectorAll('.on' + event)).forEach(function (element) {","                element.addEventListener(event, local.testRunBrowser);","            });","        });","        // run tests","        local.testRunBrowser();","        break;","","","","    // run node js-env code - post-init","    /* istanbul ignore next */","    case 'node':","        // export local","        module.exports = local;","        // require modules","        local.fs = require('fs');","        local.http = require('http');","        local.url = require('url');","        // init assets","        local.assetsDict = local.assetsDict || {};","        /* jslint-ignore-begin */","        local.assetsDict['/assets.index.template.html'] = '\\","<!doctype html>\\n\\","<html lang=\"en\">\\n\\","<head>\\n\\","<meta charset=\"UTF-8\">\\n\\","<meta name=\"viewport\" content=\"width=device-width, initial-scale=1\">\\n\\","<title>{{env.npm_package_name}} (v{{env.npm_package_version}})</title>\\n\\","<style>\\n\\","/*csslint\\n\\","    box-sizing: false,\\n\\","    universal-selector: false\\n\\","*/\\n\\","* {\\n\\","    box-sizing: border-box;\\n\\","}\\n\\","body {\\n\\","    background: #dde;\\n\\","    font-family: Arial, Helvetica, sans-serif;\\n\\","    margin: 2rem;\\n\\","}\\n\\","body > * {\\n\\","    margin-bottom: 1rem;\\n\\","}\\n\\",".utility2FooterDiv {\\n\\","    margin-top: 20px;\\n\\","    text-align: center;\\n\\","}\\n\\","</style>\\n\\","<style>\\n\\","/*csslint\\n\\","*/\\n\\","textarea {\\n\\","    font-family: monospace;\\n\\","    height: 10rem;\\n\\","    width: 100%;\\n\\","}\\n\\","textarea[readonly] {\\n\\","    background: #ddd;\\n\\","}\\n\\","</style>\\n\\","</head>\\n\\","<body>\\n\\","<!-- utility2-comment\\n\\","<div id=\"ajaxProgressDiv1\" style=\"background: #d00; height: 2px; left: 0; margin: 0; padding: 0; position: fixed; top: 0; transition: background 0.5s, width 1.5s; width: 25%;\"></div>\\n\\","utility2-comment -->\\n\\","<h1>\\n\\","<!-- utility2-comment\\n\\","    <a\\n\\","        {{#if env.npm_package_homepage}}\\n\\","        href=\"{{env.npm_package_homepage}}\"\\n\\","        {{/if env.npm_package_homepage}}\\n\\","        target=\"_blank\"\\n\\","    >\\n\\","utility2-comment -->\\n\\","        {{env.npm_package_name}} (v{{env.npm_package_version}})\\n\\","<!-- utility2-comment\\n\\","    </a>\\n\\","utility2-comment -->\\n\\","</h1>\\n\\","<h3>{{env.npm_package_description}}</h3>\\n\\","<!-- utility2-comment\\n\\","<h4><a download href=\"assets.app.js\">download standalone app</a></h4>\\n\\","<button class=\"onclick onreset\" id=\"testRunButton1\">run internal test</button><br>\\n\\","<div id=\"testReportDiv1\" style=\"display: none;\"></div>\\n\\","utility2-comment -->\\n\\","\\n\\","\\n\\","\\n\\","<label>stderr and stdout</label>\\n\\","<textarea class=\"resettable\" id=\"outputTextareaStdout1\" readonly></textarea>\\n\\","<!-- utility2-comment\\n\\","{{#if isRollup}}\\n\\","<script src=\"assets.app.js\"></script>\\n\\","{{#unless isRollup}}\\n\\","utility2-comment -->\\n\\","<script src=\"assets.utility2.rollup.js\"></script>\\n\\","<script src=\"jsonp.utility2._stateInit?callback=window.utility2._stateInit\"></script>\\n\\","<script src=\"assets.npmtest_soap.rollup.js\"></script>\\n\\","<script src=\"assets.example.js\"></script>\\n\\","<script src=\"assets.test.js\"></script>\\n\\","<!-- utility2-comment\\n\\","{{/if isRollup}}\\n\\","utility2-comment -->\\n\\","<div class=\"utility2FooterDiv\">\\n\\","    [ this app was created with\\n\\","    <a href=\"https://github.com/kaizhu256/node-utility2\" target=\"_blank\">utility2</a>\\n\\","    ]\\n\\","</div>\\n\\","</body>\\n\\","</html>\\n\\","';","        /* jslint-ignore-end */","        if (local.templateRender) {","            local.assetsDict['/'] = local.templateRender(","                local.assetsDict['/assets.index.template.html'],","                {","                    env: local.objectSetDefault(local.env, {","                        npm_package_description: 'the greatest app in the world!',","                        npm_package_name: 'my-app',","                        npm_package_nameAlias: 'my_app',","                        npm_package_version: '0.0.1'","                    })","                }","            );","        } else {","            local.assetsDict['/'] = local.assetsDict['/assets.index.template.html']","                .replace((/\\{\\{env\\.(\\w+?)\\}\\}/g), function (match0, match1) {","                    // jslint-hack","                    String(match0);","                    switch (match1) {","                    case 'npm_package_description':","                        return 'the greatest app in the world!';","                    case 'npm_package_name':","                        return 'my-app';","                    case 'npm_package_nameAlias':","                        return 'my_app';","                    case 'npm_package_version':","                        return '0.0.1';","                    }","                });","        }","        // run the cli","        if (local.global.utility2_rollup || module !== require.main) {","            break;","        }","        local.assetsDict['/assets.example.js'] =","            local.assetsDict['/assets.example.js'] ||","            local.fs.readFileSync(__filename, 'utf8');","        local.assetsDict['/assets.npmtest_soap.rollup.js'] =","            local.assetsDict['/assets.npmtest_soap.rollup.js'] ||","            local.fs.readFileSync(","                // buildCustomOrg-hack","                local.npmtest_soap.__dirname +","                    '/lib.npmtest_soap.js',","                'utf8'","            ).replace((/^#!/), '//');","        local.assetsDict['/favicon.ico'] = local.assetsDict['/favicon.ico'] || '';","        // if $npm_config_timeout_exit exists,","        // then exit this process after $npm_config_timeout_exit ms","        if (Number(process.env.npm_config_timeout_exit)) {","            setTimeout(process.exit, Number(process.env.npm_config_timeout_exit));","        }","        // start server","        if (local.global.utility2_serverHttp1) {","            break;","        }","        process.env.PORT = process.env.PORT || '8081';","        console.error('server starting on port ' + process.env.PORT);","        local.http.createServer(function (request, response) {","            request.urlParsed = local.url.parse(request.url);","            if (local.assetsDict[request.urlParsed.pathname] !== undefined) {","                response.end(local.assetsDict[request.urlParsed.pathname]);","                return;","            }","            response.statusCode = 404;","            response.end();","        }).listen(process.env.PORT);","        break;","    }","}());",""],"l":{"26":2,"28":2,"33":2,"35":2,"37":2,"38":2,"39":2,"44":1,"51":2,"55":2,"59":2,"61":2,"69":1,"70":2,"76":2,"79":2,"82":2,"83":2,"85":1,"89":2,"92":1,"93":1,"94":1,"96":1,"97":1,"100":1,"101":1,"103":1,"106":1,"108":2,"114":1,"116":1,"118":1,"123":1,"124":2,"125":2,"126":2,"127":2,"128":2,"129":2,"130":1,"133":2,"134":2,"139":2,"143":1,"144":3,"145":1,"149":1,"150":1,"158":1,"160":1,"161":1,"162":1,"164":1,"166":1,"258":1,"259":1,"271":1,"274":6,"275":6,"277":1,"279":2,"281":1,"283":2,"288":1,"289":1,"291":1,"294":1,"302":1,"305":1,"306":1,"309":1,"310":1,"312":1,"313":1,"314":1,"315":1,"316":1,"317":1,"318":1,"320":1,"321":1,"323":1}},"/home/travis/build/npmtest/node-npmtest-soap/soap/index.js":{"path":"/home/travis/build/npmtest/node-npmtest-soap/soap/index.js","s":{"1":1},"b":{},"f":{},"fnMap":{},"statementMap":{"1":{"start":{"line":3,"column":0},"end":{"line":3,"column":39}}},"branchMap":{},"code":["\"use strict\";","","module.exports = require('./lib/soap');",""],"l":{"3":1}},"/home/travis/build/npmtest/node-npmtest-soap/soap/lib/soap.js":{"path":"/home/travis/build/npmtest/node-npmtest-soap/soap/lib/soap.js","s":{"1":1,"2":1,"3":1,"4":1,"5":0,"6":0,"7":0,"8":0,"9":0,"10":0,"11":0,"12":0,"13":1,"14":1,"15":0,"16":0,"17":0,"18":0,"19":0,"20":0,"21":0,"22":1,"23":0,"24":0,"25":0,"26":0,"27":0,"28":0,"29":0,"30":1,"31":0,"32":0,"33":0,"34":0,"35":0,"36":0,"37":0,"38":0,"39":0,"40":1,"41":1,"42":1,"43":1,"44":1,"45":1,"46":1,"47":1,"48":1,"49":1,"50":1,"51":1,"52":1,"53":1},"b":{"1":[0,0],"2":[0,0],"3":[0,0],"4":[0,0],"5":[0,0],"6":[0,0],"7":[0,0],"8":[0,0],"9":[0,0]},"f":{"1":1,"2":0,"3":0,"4":0,"5":0,"6":0,"7":0,"8":0},"fnMap":{"1":{"name":"createCache","line":16,"loc":{"start":{"line":16,"column":0},"end":{"line":16,"column":23}}},"2":{"name":"(anonymous_2)","line":18,"loc":{"start":{"line":18,"column":9},"end":{"line":18,"column":40}}},"3":{"name":"(anonymous_3)","line":20,"loc":{"start":{"line":20,"column":11},"end":{"line":20,"column":34}}},"4":{"name":"(anonymous_4)","line":28,"loc":{"start":{"line":28,"column":23},"end":{"line":28,"column":35}}},"5":{"name":"_requestWSDL","line":36,"loc":{"start":{"line":36,"column":0},"end":{"line":36,"column":46}}},"6":{"name":"createClient","line":50,"loc":{"start":{"line":50,"column":0},"end":{"line":50,"column":56}}},"7":{"name":"(anonymous_7)","line":57,"loc":{"start":{"line":57,"column":29},"end":{"line":57,"column":49}}},"8":{"name":"listen","line":62,"loc":{"start":{"line":62,"column":0},"end":{"line":62,"column":54}}}},"statementMap":{"1":{"start":{"line":8,"column":0},"end":{"line":14,"column":32}},"2":{"start":{"line":16,"column":0},"end":{"line":33,"column":1}},"3":{"start":{"line":17,"column":2},"end":{"line":17,"column":17}},"4":{"start":{"line":18,"column":2},"end":{"line":32,"column":4}},"5":{"start":{"line":19,"column":4},"end":{"line":31,"column":5}},"6":{"start":{"line":20,"column":6},"end":{"line":26,"column":9}},"7":{"start":{"line":21,"column":8},"end":{"line":23,"column":9}},"8":{"start":{"line":22,"column":10},"end":{"line":22,"column":31}},"9":{"start":{"line":24,"column":8},"end":{"line":24,"column":28}},"10":{"start":{"line":25,"column":8},"end":{"line":25,"column":31}},"11":{"start":{"line":28,"column":6},"end":{"line":30,"column":9}},"12":{"start":{"line":29,"column":8},"end":{"line":29,"column":35}},"13":{"start":{"line":34,"column":0},"end":{"line":34,"column":33}},"14":{"start":{"line":36,"column":0},"end":{"line":48,"column":1}},"15":{"start":{"line":37,"column":2},"end":{"line":40,"column":3}},"16":{"start":{"line":38,"column":4},"end":{"line":38,"column":23}},"17":{"start":{"line":39,"column":4},"end":{"line":39,"column":17}},"18":{"start":{"line":41,"column":2},"end":{"line":41,"column":57}},"19":{"start":{"line":43,"column":2},"end":{"line":47,"column":3}},"20":{"start":{"line":44,"column":4},"end":{"line":44,"column":23}},"21":{"start":{"line":46,"column":4},"end":{"line":46,"column":42}},"22":{"start":{"line":50,"column":0},"end":{"line":60,"column":1}},"23":{"start":{"line":51,"column":2},"end":{"line":55,"column":3}},"24":{"start":{"line":52,"column":4},"end":{"line":52,"column":24}},"25":{"start":{"line":53,"column":4},"end":{"line":53,"column":23}},"26":{"start":{"line":54,"column":4},"end":{"line":54,"column":17}},"27":{"start":{"line":56,"column":2},"end":{"line":56,"column":42}},"28":{"start":{"line":57,"column":2},"end":{"line":59,"column":5}},"29":{"start":{"line":58,"column":4},"end":{"line":58,"column":63}},"30":{"start":{"line":62,"column":0},"end":{"line":77,"column":1}},"31":{"start":{"line":63,"column":2},"end":{"line":65,"column":15}},"32":{"start":{"line":67,"column":2},"end":{"line":73,"column":3}},"33":{"start":{"line":68,"column":4},"end":{"line":68,"column":28}},"34":{"start":{"line":69,"column":4},"end":{"line":69,"column":24}},"35":{"start":{"line":70,"column":4},"end":{"line":70,"column":32}},"36":{"start":{"line":71,"column":4},"end":{"line":71,"column":22}},"37":{"start":{"line":72,"column":4},"end":{"line":72,"column":22}},"38":{"start":{"line":75,"column":2},"end":{"line":75,"column":53}},"39":{"start":{"line":76,"column":2},"end":{"line":76,"column":59}},"40":{"start":{"line":79,"column":0},"end":{"line":79,"column":28}},"41":{"start":{"line":80,"column":0},"end":{"line":80,"column":55}},"42":{"start":{"line":81,"column":0},"end":{"line":81,"column":41}},"43":{"start":{"line":82,"column":0},"end":{"line":82,"column":49}},"44":{"start":{"line":83,"column":0},"end":{"line":83,"column":55}},"45":{"start":{"line":84,"column":0},"end":{"line":84,"column":61}},"46":{"start":{"line":85,"column":0},"end":{"line":85,"column":49}},"47":{"start":{"line":86,"column":0},"end":{"line":86,"column":36}},"48":{"start":{"line":87,"column":0},"end":{"line":87,"column":40}},"49":{"start":{"line":88,"column":0},"end":{"line":88,"column":24}},"50":{"start":{"line":89,"column":0},"end":{"line":89,"column":20}},"51":{"start":{"line":92,"column":0},"end":{"line":92,"column":24}},"52":{"start":{"line":93,"column":0},"end":{"line":93,"column":24}},"53":{"start":{"line":94,"column":0},"end":{"line":94,"column":32}}},"branchMap":{"1":{"line":19,"type":"if","locations":[{"start":{"line":19,"column":4},"end":{"line":19,"column":4}},{"start":{"line":19,"column":4},"end":{"line":19,"column":4}}]},"2":{"line":21,"type":"if","locations":[{"start":{"line":21,"column":8},"end":{"line":21,"column":8}},{"start":{"line":21,"column":8},"end":{"line":21,"column":8}}]},"3":{"line":37,"type":"if","locations":[{"start":{"line":37,"column":2},"end":{"line":37,"column":2}},{"start":{"line":37,"column":2},"end":{"line":37,"column":2}}]},"4":{"line":43,"type":"if","locations":[{"start":{"line":43,"column":2},"end":{"line":43,"column":2}},{"start":{"line":43,"column":2},"end":{"line":43,"column":2}}]},"5":{"line":51,"type":"if","locations":[{"start":{"line":51,"column":2},"end":{"line":51,"column":2}},{"start":{"line":51,"column":2},"end":{"line":51,"column":2}}]},"6":{"line":56,"type":"binary-expr","locations":[{"start":{"line":56,"column":13},"end":{"line":56,"column":29}},{"start":{"line":56,"column":33},"end":{"line":56,"column":41}}]},"7":{"line":58,"type":"binary-expr","locations":[{"start":{"line":58,"column":18},"end":{"line":58,"column":22}},{"start":{"line":58,"column":26},"end":{"line":58,"column":61}}]},"8":{"line":67,"type":"if","locations":[{"start":{"line":67,"column":2},"end":{"line":67,"column":2}},{"start":{"line":67,"column":2},"end":{"line":67,"column":2}}]},"9":{"line":75,"type":"binary-expr","locations":[{"start":{"line":75,"column":22},"end":{"line":75,"column":25}},{"start":{"line":75,"column":29},"end":{"line":75,"column":37}}]}},"code":["/*"," * Copyright (c) 2011 Vinay Pulim <vinay@milewise.com>"," * MIT Licensed"," */","","\"use strict\";","","var Client = require('./client').Client,","  Server = require('./server').Server,","  HttpClient = require('./http'),","  security = require('./security'),","  passwordDigest = require('./utils').passwordDigest,","  wsdl = require('./wsdl'),","  WSDL = require('./wsdl').WSDL;","","function createCache() {","  var cache = {};","  return function (key, load, callback) {","    if (!cache[key]) {","      load(function (err, result) {","        if (err) {","          return callback(err);","        }","        cache[key] = result;","        callback(null, result);","      });","    } else {","      process.nextTick(function () {","        callback(null, cache[key]);","      });","    }","  };","}","var getFromCache = createCache();","","function _requestWSDL(url, options, callback) {","  if (typeof options === 'function') {","    callback = options;","    options = {};","  }","  var openWsdl = wsdl.open_wsdl.bind(null, url, options);","","  if (options.disableCache === true) {","    openWsdl(callback);","  } else {","    getFromCache(url, openWsdl, callback);","  }","}","","function createClient(url, options, callback, endpoint) {","  if (typeof options === 'function') {","    endpoint = callback;","    callback = options;","    options = {};","  }","  endpoint = options.endpoint || endpoint;","  _requestWSDL(url, options, function(err, wsdl) {","    callback(err, wsdl && new Client(wsdl, endpoint, options));","  });","}","","function listen(server, pathOrOptions, services, xml) {","  var options = {},","    path = pathOrOptions,","    uri = null;","","  if (typeof pathOrOptions === 'object') {","    options = pathOrOptions;","    path = options.path;","    services = options.services;","    xml = options.xml;","    uri = options.uri;","  }","","  var wsdl = new WSDL(xml || services, uri, options);","  return new Server(server, path, services, wsdl, options);","}","","exports.security = security;","exports.BasicAuthSecurity = security.BasicAuthSecurity;","exports.WSSecurity = security.WSSecurity;","exports.WSSecurityCert = security.WSSecurityCert;","exports.ClientSSLSecurity = security.ClientSSLSecurity;","exports.ClientSSLSecurityPFX = security.ClientSSLSecurityPFX;","exports.BearerSecurity = security.BearerSecurity;","exports.createClient = createClient;","exports.passwordDigest = passwordDigest;","exports.listen = listen;","exports.WSDL = WSDL;","","// Export Client and Server to allow customization","exports.Server = Server;","exports.Client = Client;","exports.HttpClient = HttpClient;",""],"l":{"8":1,"16":1,"17":1,"18":1,"19":0,"20":0,"21":0,"22":0,"24":0,"25":0,"28":0,"29":0,"34":1,"36":1,"37":0,"38":0,"39":0,"41":0,"43":0,"44":0,"46":0,"50":1,"51":0,"52":0,"53":0,"54":0,"56":0,"57":0,"58":0,"62":1,"63":0,"67":0,"68":0,"69":0,"70":0,"71":0,"72":0,"75":0,"76":0,"79":1,"80":1,"81":1,"82":1,"83":1,"84":1,"85":1,"86":1,"87":1,"88":1,"89":1,"92":1,"93":1,"94":1}},"/home/travis/build/npmtest/node-npmtest-soap/soap/lib/client.js":{"path":"/home/travis/build/npmtest/node-npmtest-soap/soap/lib/client.js","s":{"1":1,"2":1,"3":0,"4":0,"5":0,"6":0,"7":0,"8":0,"9":1,"10":1,"11":0,"12":0,"13":0,"14":0,"15":0,"16":1,"17":0,"18":0,"19":0,"20":0,"21":0,"22":1,"23":0,"24":1,"25":0,"26":1,"27":0,"28":0,"29":0,"30":1,"31":0,"32":1,"33":0,"34":1,"35":0,"36":0,"37":0,"38":0,"39":0,"40":0,"41":0,"42":0,"43":0,"44":0,"45":1,"46":0,"47":1,"48":0,"49":1,"50":0,"51":0,"52":1,"53":0,"54":0,"55":1,"56":0,"57":1,"58":0,"59":1,"60":0,"61":0,"62":0,"63":1,"64":0,"65":0,"66":0,"67":0,"68":0,"69":0,"70":0,"71":0,"72":0,"73":0,"74":0,"75":1,"76":0,"77":0,"78":0,"79":0,"80":1,"81":0,"82":0,"83":0,"84":0,"85":0,"86":1,"87":0,"88":0,"89":0,"90":0,"91":0,"92":0,"93":0,"94":0,"95":0,"96":0,"97":0,"98":0,"99":0,"100":0,"101":0,"102":0,"103":0,"104":1,"105":0,"106":0,"107":0,"108":0,"109":0,"110":0,"111":0,"112":0,"113":0,"114":0,"115":0,"116":0,"117":1,"118":0,"119":0,"120":0,"121":0,"122":0,"123":0,"124":0,"125":0,"126":0,"127":0,"128":1,"129":0,"130":0,"131":0,"132":0,"133":0,"134":0,"135":0,"136":1,"137":0,"138":0,"139":0,"140":0,"141":0,"142":0,"143":0,"144":0,"145":0,"146":0,"147":0,"148":0,"149":0,"150":0,"151":0,"152":0,"153":0,"154":0,"155":0,"156":0,"157":0,"158":0,"159":0,"160":0,"161":0,"162":0,"163":0,"164":0,"165":0,"166":0,"167":0,"168":0,"169":0,"170":0,"171":0,"172":0,"173":0,"174":0,"175":0,"176":0,"177":0,"178":0,"179":0,"180":0,"181":0,"182":0,"183":0,"184":0,"185":0,"186":0,"187":0,"188":0,"189":0,"190":0,"191":0,"192":0,"193":0,"194":0,"195":0,"196":0,"197":0,"198":0,"199":0,"200":0,"201":0,"202":0,"203":0,"204":0,"205":0,"206":0,"207":0,"208":0,"209":0,"210":0,"211":0,"212":0,"213":0,"214":0,"215":0,"216":0,"217":0,"218":0,"219":0,"220":0,"221":0,"222":1,"223":0,"224":0,"225":0,"226":0,"227":0,"228":0,"229":0,"230":0,"231":0,"232":0,"233":0,"234":0,"235":0,"236":1,"237":0,"238":0,"239":0,"240":0,"241":0,"242":0,"243":0,"244":0,"245":0,"246":0,"247":0,"248":0,"249":0,"250":0,"251":0,"252":0,"253":0,"254":0,"255":0,"256":0,"257":1},"b":{"1":[0,0],"2":[0,0],"3":[0,0],"4":[0,0],"5":[0,0],"6":[0,0],"7":[0,0],"8":[0,0],"9":[0,0],"10":[0,0],"11":[0,0],"12":[0,0],"13":[0,0],"14":[0,0],"15":[0,0],"16":[0,0],"17":[0,0],"18":[0,0],"19":[0,0],"20":[0,0],"21":[0,0],"22":[0,0],"23":[0,0],"24":[0,0],"25":[0,0],"26":[0,0],"27":[0,0],"28":[0,0],"29":[0,0],"30":[0,0],"31":[0,0],"32":[0,0],"33":[0,0],"34":[0,0],"35":[0,0],"36":[0,0],"37":[0,0],"38":[0,0],"39":[0,0],"40":[0,0],"41":[0,0],"42":[0,0],"43":[0,0],"44":[0,0],"45":[0,0],"46":[0,0,0,0],"47":[0,0],"48":[0,0],"49":[0,0],"50":[0,0],"51":[0,0],"52":[0,0],"53":[0,0],"54":[0,0],"55":[0,0],"56":[0,0],"57":[0,0],"58":[0,0],"59":[0,0],"60":[0,0],"61":[0,0],"62":[0,0],"63":[0,0],"64":[0,0],"65":[0,0,0],"66":[0,0],"67":[0,0],"68":[0,0],"69":[0,0],"70":[0,0],"71":[0,0],"72":[0,0],"73":[0,0],"74":[0,0],"75":[0,0],"76":[0,0],"77":[0,0],"78":[0,0],"79":[0,0],"80":[0,0],"81":[0,0],"82":[0,0],"83":[0,0]},"f":{"1":0,"2":0,"3":0,"4":0,"5":0,"6":0,"7":0,"8":0,"9":0,"10":0,"11":0,"12":0,"13":0,"14":0,"15":0,"16":0,"17":0,"18":0,"19":0,"20":0,"21":0,"22":0,"23":0,"24":0,"25":0,"26":0,"27":0,"28":0,"29":0,"30":0,"31":0,"32":0,"33":0,"34":0,"35":0,"36":0},"fnMap":{"1":{"name":"(anonymous_1)","line":19,"loc":{"start":{"line":19,"column":13},"end":{"line":19,"column":47}}},"2":{"name":"(anonymous_2)","line":29,"loc":{"start":{"line":29,"column":33},"end":{"line":29,"column":78}}},"3":{"name":"(anonymous_3)","line":39,"loc":{"start":{"line":39,"column":36},"end":{"line":39,"column":88}}},"4":{"name":"(anonymous_4)","line":49,"loc":{"start":{"line":49,"column":34},"end":{"line":49,"column":45}}},"5":{"name":"(anonymous_5)","line":53,"loc":{"start":{"line":53,"column":36},"end":{"line":53,"column":47}}},"6":{"name":"(anonymous_6)","line":57,"loc":{"start":{"line":57,"column":33},"end":{"line":57,"column":55}}},"7":{"name":"(anonymous_7)","line":64,"loc":{"start":{"line":64,"column":34},"end":{"line":64,"column":45}}},"8":{"name":"(anonymous_8)","line":68,"loc":{"start":{"line":68,"column":36},"end":{"line":68,"column":47}}},"9":{"name":"(anonymous_9)","line":73,"loc":{"start":{"line":73,"column":36},"end":{"line":73,"column":84}}},"10":{"name":"(anonymous_10)","line":79,"loc":{"start":{"line":79,"column":54},"end":{"line":79,"column":81}}},"11":{"name":"(anonymous_11)","line":88,"loc":{"start":{"line":88,"column":37},"end":{"line":88,"column":48}}},"12":{"name":"(anonymous_12)","line":92,"loc":{"start":{"line":92,"column":39},"end":{"line":92,"column":50}}},"13":{"name":"(anonymous_13)","line":96,"loc":{"start":{"line":96,"column":31},"end":{"line":96,"column":50}}},"14":{"name":"(anonymous_14)","line":101,"loc":{"start":{"line":101,"column":28},"end":{"line":101,"column":39}}},"15":{"name":"(anonymous_15)","line":106,"loc":{"start":{"line":106,"column":31},"end":{"line":106,"column":50}}},"16":{"name":"(anonymous_16)","line":110,"loc":{"start":{"line":110,"column":33},"end":{"line":110,"column":54}}},"17":{"name":"(anonymous_17)","line":114,"loc":{"start":{"line":114,"column":39},"end":{"line":114,"column":58}}},"18":{"name":"(anonymous_18)","line":122,"loc":{"start":{"line":122,"column":38},"end":{"line":122,"column":56}}},"19":{"name":"(anonymous_19)","line":141,"loc":{"start":{"line":141,"column":34},"end":{"line":141,"column":62}}},"20":{"name":"(anonymous_20)","line":150,"loc":{"start":{"line":150,"column":31},"end":{"line":150,"column":56}}},"21":{"name":"(anonymous_21)","line":162,"loc":{"start":{"line":162,"column":33},"end":{"line":162,"column":60}}},"22":{"name":"(anonymous_22)","line":165,"loc":{"start":{"line":165,"column":9},"end":{"line":165,"column":57}}},"23":{"name":"(anonymous_23)","line":179,"loc":{"start":{"line":179,"column":41},"end":{"line":179,"column":82}}},"24":{"name":"(anonymous_24)","line":185,"loc":{"start":{"line":185,"column":39},"end":{"line":185,"column":60}}},"25":{"name":"(anonymous_25)","line":209,"loc":{"start":{"line":209,"column":36},"end":{"line":209,"column":63}}},"26":{"name":"(anonymous_26)","line":227,"loc":{"start":{"line":227,"column":34},"end":{"line":227,"column":55}}},"27":{"name":"(anonymous_27)","line":241,"loc":{"start":{"line":241,"column":27},"end":{"line":241,"column":93}}},"28":{"name":"(anonymous_28)","line":343,"loc":{"start":{"line":343,"column":21},"end":{"line":343,"column":36}}},"29":{"name":"onError","line":357,"loc":{"start":{"line":357,"column":18},"end":{"line":357,"column":40}}},"30":{"name":"(anonymous_30)","line":366,"loc":{"start":{"line":366,"column":23},"end":{"line":366,"column":43}}},"31":{"name":"(anonymous_31)","line":372,"loc":{"start":{"line":372,"column":57},"end":{"line":372,"column":73}}},"32":{"name":"(anonymous_32)","line":384,"loc":{"start":{"line":384,"column":38},"end":{"line":384,"column":60}}},"33":{"name":"(anonymous_33)","line":403,"loc":{"start":{"line":403,"column":47},"end":{"line":403,"column":77}}},"34":{"name":"parseSync","line":416,"loc":{"start":{"line":416,"column":2},"end":{"line":416,"column":37}}},"35":{"name":"finish","line":439,"loc":{"start":{"line":439,"column":2},"end":{"line":439,"column":39}}},"36":{"name":"(anonymous_36)","line":467,"loc":{"start":{"line":467,"column":44},"end":{"line":467,"column":60}}}},"statementMap":{"1":{"start":{"line":9,"column":0},"end":{"line":17,"column":25}},"2":{"start":{"line":19,"column":0},"end":{"line":26,"column":2}},"3":{"start":{"line":20,"column":2},"end":{"line":20,"column":33}},"4":{"start":{"line":21,"column":2},"end":{"line":21,"column":26}},"5":{"start":{"line":22,"column":2},"end":{"line":22,"column":19}},"6":{"start":{"line":23,"column":2},"end":{"line":23,"column":35}},"7":{"start":{"line":24,"column":2},"end":{"line":24,"column":37}},"8":{"start":{"line":25,"column":2},"end":{"line":25,"column":66}},"9":{"start":{"line":27,"column":0},"end":{"line":27,"column":43}},"10":{"start":{"line":29,"column":0},"end":{"line":37,"column":2}},"11":{"start":{"line":30,"column":2},"end":{"line":32,"column":3}},"12":{"start":{"line":31,"column":4},"end":{"line":31,"column":26}},"13":{"start":{"line":33,"column":2},"end":{"line":35,"column":3}},"14":{"start":{"line":34,"column":4},"end":{"line":34,"column":81}},"15":{"start":{"line":36,"column":2},"end":{"line":36,"column":47}},"16":{"start":{"line":39,"column":0},"end":{"line":47,"column":2}},"17":{"start":{"line":40,"column":2},"end":{"line":42,"column":3}},"18":{"start":{"line":41,"column":4},"end":{"line":41,"column":26}},"19":{"start":{"line":43,"column":2},"end":{"line":45,"column":3}},"20":{"start":{"line":44,"column":4},"end":{"line":44,"column":81}},"21":{"start":{"line":46,"column":2},"end":{"line":46,"column":39}},"22":{"start":{"line":49,"column":0},"end":{"line":51,"column":2}},"23":{"start":{"line":50,"column":2},"end":{"line":50,"column":26}},"24":{"start":{"line":53,"column":0},"end":{"line":55,"column":2}},"25":{"start":{"line":54,"column":2},"end":{"line":54,"column":26}},"26":{"start":{"line":57,"column":0},"end":{"line":62,"column":2}},"27":{"start":{"line":58,"column":2},"end":{"line":60,"column":3}},"28":{"start":{"line":59,"column":4},"end":{"line":59,"column":26}},"29":{"start":{"line":61,"column":2},"end":{"line":61,"column":33}},"30":{"start":{"line":64,"column":0},"end":{"line":66,"column":2}},"31":{"start":{"line":65,"column":2},"end":{"line":65,"column":26}},"32":{"start":{"line":68,"column":0},"end":{"line":70,"column":2}},"33":{"start":{"line":69,"column":2},"end":{"line":69,"column":24}},"34":{"start":{"line":73,"column":0},"end":{"line":86,"column":2}},"35":{"start":{"line":74,"column":2},"end":{"line":76,"column":3}},"36":{"start":{"line":75,"column":4},"end":{"line":75,"column":29}},"37":{"start":{"line":77,"column":2},"end":{"line":83,"column":3}},"38":{"start":{"line":78,"column":4},"end":{"line":78,"column":25}},"39":{"start":{"line":79,"column":4},"end":{"line":81,"column":7}},"40":{"start":{"line":80,"column":6},"end":{"line":80,"column":67}},"41":{"start":{"line":82,"column":4},"end":{"line":82,"column":32}},"42":{"start":{"line":84,"column":2},"end":{"line":84,"column":78}},"43":{"start":{"line":84,"column":42},"end":{"line":84,"column":78}},"44":{"start":{"line":85,"column":2},"end":{"line":85,"column":42}},"45":{"start":{"line":88,"column":0},"end":{"line":90,"column":2}},"46":{"start":{"line":89,"column":2},"end":{"line":89,"column":29}},"47":{"start":{"line":92,"column":0},"end":{"line":94,"column":2}},"48":{"start":{"line":93,"column":2},"end":{"line":93,"column":29}},"49":{"start":{"line":96,"column":0},"end":{"line":99,"column":2}},"50":{"start":{"line":97,"column":2},"end":{"line":97,"column":27}},"51":{"start":{"line":98,"column":2},"end":{"line":98,"column":37}},"52":{"start":{"line":101,"column":0},"end":{"line":104,"column":2}},"53":{"start":{"line":102,"column":2},"end":{"line":102,"column":42}},"54":{"start":{"line":103,"column":2},"end":{"line":103,"column":38}},"55":{"start":{"line":106,"column":0},"end":{"line":108,"column":2}},"56":{"start":{"line":107,"column":2},"end":{"line":107,"column":27}},"57":{"start":{"line":110,"column":0},"end":{"line":112,"column":2}},"58":{"start":{"line":111,"column":2},"end":{"line":111,"column":31}},"59":{"start":{"line":114,"column":0},"end":{"line":120,"column":2}},"60":{"start":{"line":115,"column":2},"end":{"line":116,"column":36}},"61":{"start":{"line":117,"column":2},"end":{"line":119,"column":3}},"62":{"start":{"line":118,"column":4},"end":{"line":118,"column":63}},"63":{"start":{"line":122,"column":0},"end":{"line":139,"column":2}},"64":{"start":{"line":123,"column":2},"end":{"line":123,"column":38}},"65":{"start":{"line":124,"column":2},"end":{"line":124,"column":74}},"66":{"start":{"line":125,"column":2},"end":{"line":125,"column":64}},"67":{"start":{"line":126,"column":2},"end":{"line":134,"column":3}},"68":{"start":{"line":127,"column":4},"end":{"line":133,"column":5}},"69":{"start":{"line":128,"column":6},"end":{"line":132,"column":7}},"70":{"start":{"line":129,"column":8},"end":{"line":131,"column":9}},"71":{"start":{"line":130,"column":10},"end":{"line":130,"column":85}},"72":{"start":{"line":135,"column":2},"end":{"line":137,"column":3}},"73":{"start":{"line":136,"column":4},"end":{"line":136,"column":72}},"74":{"start":{"line":138,"column":2},"end":{"line":138,"column":70}},"75":{"start":{"line":141,"column":0},"end":{"line":148,"column":2}},"76":{"start":{"line":142,"column":2},"end":{"line":143,"column":13}},"77":{"start":{"line":144,"column":2},"end":{"line":146,"column":3}},"78":{"start":{"line":145,"column":4},"end":{"line":145,"column":90}},"79":{"start":{"line":147,"column":2},"end":{"line":147,"column":13}},"80":{"start":{"line":150,"column":0},"end":{"line":160,"column":2}},"81":{"start":{"line":151,"column":2},"end":{"line":154,"column":13}},"82":{"start":{"line":155,"column":2},"end":{"line":158,"column":3}},"83":{"start":{"line":156,"column":4},"end":{"line":156,"column":60}},"84":{"start":{"line":157,"column":4},"end":{"line":157,"column":27}},"85":{"start":{"line":159,"column":2},"end":{"line":159,"column":13}},"86":{"start":{"line":162,"column":0},"end":{"line":183,"column":2}},"87":{"start":{"line":163,"column":2},"end":{"line":163,"column":18}},"88":{"start":{"line":164,"column":2},"end":{"line":164,"column":11}},"89":{"start":{"line":165,"column":2},"end":{"line":182,"column":4}},"90":{"start":{"line":166,"column":4},"end":{"line":178,"column":5}},"91":{"start":{"line":167,"column":6},"end":{"line":167,"column":22}},"92":{"start":{"line":168,"column":6},"end":{"line":168,"column":16}},"93":{"start":{"line":169,"column":11},"end":{"line":178,"column":5}},"94":{"start":{"line":170,"column":6},"end":{"line":170,"column":22}},"95":{"start":{"line":171,"column":6},"end":{"line":171,"column":25}},"96":{"start":{"line":172,"column":6},"end":{"line":172,"column":21}},"97":{"start":{"line":173,"column":11},"end":{"line":178,"column":5}},"98":{"start":{"line":174,"column":6},"end":{"line":174,"column":22}},"99":{"start":{"line":175,"column":6},"end":{"line":175,"column":30}},"100":{"start":{"line":176,"column":6},"end":{"line":176,"column":29}},"101":{"start":{"line":177,"column":6},"end":{"line":177,"column":21}},"102":{"start":{"line":179,"column":4},"end":{"line":181,"column":30}},"103":{"start":{"line":180,"column":6},"end":{"line":180,"column":47}},"104":{"start":{"line":185,"column":0},"end":{"line":207,"column":2}},"105":{"start":{"line":186,"column":2},"end":{"line":186,"column":51}},"106":{"start":{"line":187,"column":2},"end":{"line":187,"column":95}},"107":{"start":{"line":188,"column":2},"end":{"line":188,"column":89}},"108":{"start":{"line":190,"column":2},"end":{"line":192,"column":3}},"109":{"start":{"line":191,"column":4},"end":{"line":191,"column":17}},"110":{"start":{"line":193,"column":2},"end":{"line":195,"column":3}},"111":{"start":{"line":194,"column":4},"end":{"line":194,"column":17}},"112":{"start":{"line":197,"column":2},"end":{"line":197,"column":108}},"113":{"start":{"line":198,"column":2},"end":{"line":200,"column":94}},"114":{"start":{"line":202,"column":2},"end":{"line":204,"column":3}},"115":{"start":{"line":203,"column":4},"end":{"line":203,"column":16}},"116":{"start":{"line":206,"column":2},"end":{"line":206,"column":15}},"117":{"start":{"line":209,"column":0},"end":{"line":225,"column":2}},"118":{"start":{"line":210,"column":2},"end":{"line":210,"column":18}},"119":{"start":{"line":211,"column":2},"end":{"line":213,"column":3}},"120":{"start":{"line":212,"column":4},"end":{"line":212,"column":16}},"121":{"start":{"line":214,"column":2},"end":{"line":223,"column":3}},"122":{"start":{"line":215,"column":4},"end":{"line":217,"column":5}},"123":{"start":{"line":216,"column":6},"end":{"line":216,"column":15}},"124":{"start":{"line":218,"column":4},"end":{"line":222,"column":5}},"125":{"start":{"line":219,"column":6},"end":{"line":219,"column":42}},"126":{"start":{"line":221,"column":6},"end":{"line":221,"column":88}},"127":{"start":{"line":224,"column":2},"end":{"line":224,"column":16}},"128":{"start":{"line":227,"column":0},"end":{"line":239,"column":2}},"129":{"start":{"line":228,"column":2},"end":{"line":228,"column":91}},"130":{"start":{"line":229,"column":2},"end":{"line":229,"column":89}},"131":{"start":{"line":231,"column":2},"end":{"line":233,"column":3}},"132":{"start":{"line":232,"column":4},"end":{"line":232,"column":14}},"133":{"start":{"line":234,"column":2},"end":{"line":236,"column":3}},"134":{"start":{"line":235,"column":4},"end":{"line":235,"column":14}},"135":{"start":{"line":238,"column":2},"end":{"line":238,"column":14}},"136":{"start":{"line":241,"column":0},"end":{"line":480,"column":2}},"137":{"start":{"line":242,"column":2},"end":{"line":259,"column":90}},"138":{"start":{"line":261,"column":2},"end":{"line":266,"column":3}},"139":{"start":{"line":262,"column":4},"end":{"line":262,"column":47}},"140":{"start":{"line":263,"column":4},"end":{"line":265,"column":5}},"141":{"start":{"line":264,"column":6},"end":{"line":264,"column":53}},"142":{"start":{"line":268,"column":2},"end":{"line":271,"column":3}},"143":{"start":{"line":269,"column":4},"end":{"line":269,"column":68}},"144":{"start":{"line":270,"column":4},"end":{"line":270,"column":88}},"145":{"start":{"line":273,"column":2},"end":{"line":279,"column":3}},"146":{"start":{"line":274,"column":4},"end":{"line":274,"column":33}},"147":{"start":{"line":275,"column":9},"end":{"line":279,"column":3}},"148":{"start":{"line":276,"column":4},"end":{"line":276,"column":35}},"149":{"start":{"line":278,"column":4},"end":{"line":278,"column":82}},"150":{"start":{"line":281,"column":2},"end":{"line":283,"column":3}},"151":{"start":{"line":282,"column":4},"end":{"line":282,"column":48}},"152":{"start":{"line":285,"column":2},"end":{"line":285,"column":26}},"153":{"start":{"line":288,"column":2},"end":{"line":288,"column":88}},"154":{"start":{"line":288,"column":42},"end":{"line":288,"column":85}},"155":{"start":{"line":289,"column":2},"end":{"line":289,"column":72}},"156":{"start":{"line":289,"column":35},"end":{"line":289,"column":70}},"157":{"start":{"line":292,"column":2},"end":{"line":293,"column":38}},"158":{"start":{"line":293,"column":4},"end":{"line":293,"column":38}},"159":{"start":{"line":294,"column":2},"end":{"line":295,"column":38}},"160":{"start":{"line":295,"column":4},"end":{"line":295,"column":38}},"161":{"start":{"line":297,"column":2},"end":{"line":305,"column":3}},"162":{"start":{"line":298,"column":4},"end":{"line":298,"column":98}},"163":{"start":{"line":299,"column":4},"end":{"line":299,"column":88}},"164":{"start":{"line":300,"column":4},"end":{"line":300,"column":119}},"165":{"start":{"line":302,"column":4},"end":{"line":302,"column":98}},"166":{"start":{"line":304,"column":4},"end":{"line":304,"column":143}},"167":{"start":{"line":306,"column":2},"end":{"line":328,"column":38}},"168":{"start":{"line":330,"column":2},"end":{"line":332,"column":3}},"169":{"start":{"line":331,"column":4},"end":{"line":331,"column":54}},"170":{"start":{"line":334,"column":2},"end":{"line":334,"column":29}},"171":{"start":{"line":335,"column":2},"end":{"line":335,"column":25}},"172":{"start":{"line":336,"column":2},"end":{"line":336,"column":31}},"173":{"start":{"line":338,"column":2},"end":{"line":338,"column":44}},"174":{"start":{"line":340,"column":2},"end":{"line":340,"column":37}},"175":{"start":{"line":341,"column":2},"end":{"line":341,"column":33}},"176":{"start":{"line":343,"column":2},"end":{"line":350,"column":4}},"177":{"start":{"line":344,"column":4},"end":{"line":349,"column":5}},"178":{"start":{"line":345,"column":6},"end":{"line":345,"column":30}},"179":{"start":{"line":348,"column":6},"end":{"line":348,"column":23}},"180":{"start":{"line":352,"column":2},"end":{"line":401,"column":3}},"181":{"start":{"line":353,"column":4},"end":{"line":353,"column":32}},"182":{"start":{"line":354,"column":4},"end":{"line":354,"column":31}},"183":{"start":{"line":355,"column":4},"end":{"line":355,"column":79}},"184":{"start":{"line":356,"column":4},"end":{"line":356,"column":42}},"185":{"start":{"line":357,"column":4},"end":{"line":364,"column":6}},"186":{"start":{"line":358,"column":6},"end":{"line":358,"column":31}},"187":{"start":{"line":359,"column":6},"end":{"line":359,"column":38}},"188":{"start":{"line":360,"column":6},"end":{"line":360,"column":34}},"189":{"start":{"line":361,"column":6},"end":{"line":361,"column":45}},"190":{"start":{"line":363,"column":6},"end":{"line":363,"column":20}},"191":{"start":{"line":365,"column":4},"end":{"line":365,"column":29}},"192":{"start":{"line":366,"column":4},"end":{"line":399,"column":7}},"193":{"start":{"line":367,"column":6},"end":{"line":367,"column":36}},"194":{"start":{"line":371,"column":6},"end":{"line":382,"column":7}},"195":{"start":{"line":372,"column":8},"end":{"line":380,"column":12}},"196":{"start":{"line":373,"column":10},"end":{"line":373,"column":35}},"197":{"start":{"line":374,"column":10},"end":{"line":374,"column":66}},"198":{"start":{"line":375,"column":10},"end":{"line":375,"column":56}},"199":{"start":{"line":376,"column":10},"end":{"line":376,"column":53}},"200":{"start":{"line":378,"column":10},"end":{"line":378,"column":43}},"201":{"start":{"line":381,"column":8},"end":{"line":381,"column":15}},"202":{"start":{"line":384,"column":6},"end":{"line":398,"column":9}},"203":{"start":{"line":385,"column":8},"end":{"line":385,"column":37}},"204":{"start":{"line":386,"column":8},"end":{"line":386,"column":64}},"205":{"start":{"line":387,"column":8},"end":{"line":387,"column":54}},"206":{"start":{"line":388,"column":8},"end":{"line":388,"column":57}},"207":{"start":{"line":390,"column":8},"end":{"line":395,"column":9}},"208":{"start":{"line":391,"column":10},"end":{"line":391,"column":36}},"209":{"start":{"line":392,"column":10},"end":{"line":392,"column":34}},"210":{"start":{"line":393,"column":10},"end":{"line":393,"column":45}},"211":{"start":{"line":394,"column":10},"end":{"line":394,"column":43}},"212":{"start":{"line":397,"colum
[...]
99":0,"2000":0,"2001":0,"2002":0,"2010":0,"2011":0,"2014":0,"2017":1,"2018":0,"2026":0,"2027":0,"2028":0,"2030":0,"2031":0,"2032":0,"2033":0,"2034":0,"2036":0,"2037":0,"2039":0,"2043":0,"2044":0,"2045":0,"2046":0,"2047":0,"2049":0,"2050":0,"2051":0,"2052":0,"2053":0,"2054":0,"2056":0,"2061":0,"2062":0,"2063":0,"2065":0,"2068":0,"2070":0,"2073":1,"2074":0,"2075":0,"2078":0,"2081":1,"2085":1,"2087":1,"2088":0,"2089":0,"2090":0,"2091":0,"2092":0,"2094":0,"2095":0,"2102":0,"2104":0,"2105":0,"2107":0,"2108":0,"2110":0,"2111":0,"2113":0,"2115":0,"2136":1,"2137":0,"2140":0,"2141":0,"2142":0,"2145":0,"2147":0,"2148":0,"2151":0,"2154":1,"2155":0,"2156":0,"2157":0,"2161":0,"2162":0,"2163":0,"2165":0,"2166":0,"2167":0,"2168":0,"2169":0,"2170":0,"2173":0,"2174":0,"2175":0,"2176":0,"2181":0,"2182":0,"2183":0,"2184":0,"2185":0,"2186":0,"2187":0,"2188":0,"2189":0,"2190":0,"2192":0,"2197":0,"2200":1,"2201":1}},"/home/travis/build/npmtest/node-npmtest-soap/soap/lib/nscontext.js":{"path":"/home/travis/build/npmtest/node-npmtest-soap/soap/lib/nscontext.js","s":{"1":1,"2":1,"3":0,"4":0,"5":0,"6":0,"7":1,"8":0,"9":0,"10":0,"11":0,"12":0,"13":1,"14":0,"15":0,"16":0,"17":0,"18":0,"19":0,"20":0,"21":0,"22":0,"23":1,"24":0,"25":0,"26":0,"27":0,"28":0,"29":0,"30":0,"31":0,"32":0,"33":1,"34":0,"35":0,"36":0,"37":0,"38":0,"39":0,"40":0,"41":0,"42":0,"43":1,"44":0,"45":0,"46":0,"47":0,"48":0,"49":0,"50":1,"51":0,"52":0,"53":0,"54":0,"55":1,"56":0,"57":0,"58":0,"59":0,"60":0,"61":1,"62":0,"63":1,"64":0,"65":1,"66":0,"67":0,"68":0,"69":0,"70":0,"71":0,"72":0,"73":0,"74":0,"75":1,"76":0,"77":0,"78":0,"79":0,"80":0,"81":0,"82":0},"b":{"1":[0,0],"2":[0,0],"3":[0,0,0],"4":[0,0],"5":[0,0],"6":[0,0],"7":[0,0,0],"8":[0,0],"9":[0,0],"10":[0,0,0],"11":[0,0],"12":[0,0],"13":[0,0],"14":[0,0],"15":[0,0],"16":[0,0],"17":[0,0],"18":[0,0],"19":[0,0],"20":[0,0],"21":[0,0],"22":[0,0],"23":[0,0,0]},"f":{"1":0,"2":0,"3":0,"4":0,"5":0,"6":0,"7":0,"8":0,"9":0,"10":0,"11":0,"12":0},"fnMap":{"1":{"name":"NamespaceScope","line":11,"loc":{"start":{"line":11,"column":0},"end":{"line":11,"column":32}}},"2":{"name":"NamespaceContext","line":24,"loc":{"start":{"line":24,"column":0},"end":{"line":24,"column":28}}},"3":{"name":"(anonymous_3)","line":39,"loc":{"start":{"line":39,"column":43},"end":{"line":39,"column":71}}},"4":{"name":"(anonymous_4)","line":58,"loc":{"start":{"line":58,"column":47},"end":{"line":58,"column":64}}},"5":{"name":"(anonymous_5)","line":91,"loc":{"start":{"line":91,"column":37},"end":{"line":91,"column":64}}},"6":{"name":"(anonymous_6)","line":119,"loc":{"start":{"line":119,"column":42},"end":{"line":119,"column":77}}},"7":{"name":"(anonymous_7)","line":138,"loc":{"start":{"line":138,"column":41},"end":{"line":138,"column":52}}},"8":{"name":"(anonymous_8)","line":149,"loc":{"start":{"line":149,"column":40},"end":{"line":149,"column":51}}},"9":{"name":"(anonymous_9)","line":165,"loc":{"start":{"line":165,"column":45},"end":{"line":165,"column":73}}},"10":{"name":"(anonymous_10)","line":175,"loc":{"start":{"line":175,"column":39},"end":{"line":175,"column":66}}},"11":{"name":"(anonymous_11)","line":184,"loc":{"start":{"line":184,"column":47},"end":{"line":184,"column":63}}},"12":{"name":"(anonymous_12)","line":209,"loc":{"start":{"line":209,"column":46},"end":{"line":209,"column":70}}}},"statementMap":{"1":{"start":{"line":3,"column":0},"end":{"line":3,"column":34}},"2":{"start":{"line":11,"column":0},"end":{"line":17,"column":1}},"3":{"start":{"line":12,"column":2},"end":{"line":14,"column":3}},"4":{"start":{"line":13,"column":4},"end":{"line":13,"column":38}},"5":{"start":{"line":15,"column":2},"end":{"line":15,"column":23}},"6":{"start":{"line":16,"column":2},"end":{"line":16,"column":23}},"7":{"start":{"line":24,"column":0},"end":{"line":31,"column":1}},"8":{"start":{"line":25,"column":2},"end":{"line":27,"column":3}},"9":{"start":{"line":26,"column":4},"end":{"line":26,"column":34}},"10":{"start":{"line":28,"column":2},"end":{"line":28,"column":19}},"11":{"start":{"line":29,"column":2},"end":{"line":29,"column":21}},"12":{"start":{"line":30,"column":2},"end":{"line":30,"column":23}},"13":{"start":{"line":39,"column":0},"end":{"line":56,"column":2}},"14":{"start":{"line":40,"column":2},"end":{"line":55,"column":3}},"15":{"start":{"line":42,"column":6},"end":{"line":42,"column":52}},"16":{"start":{"line":44,"column":6},"end":{"line":44,"column":45}},"17":{"start":{"line":46,"column":6},"end":{"line":46,"column":42}},"18":{"start":{"line":48,"column":6},"end":{"line":54,"column":7}},"19":{"start":{"line":49,"column":8},"end":{"line":49,"column":25}},"20":{"start":{"line":50,"column":13},"end":{"line":54,"column":7}},"21":{"start":{"line":51,"column":8},"end":{"line":51,"column":51}},"22":{"start":{"line":53,"column":8},"end":{"line":53,"column":20}},"23":{"start":{"line":58,"column":0},"end":{"line":83,"column":2}},"24":{"start":{"line":59,"column":2},"end":{"line":82,"column":3}},"25":{"start":{"line":61,"column":6},"end":{"line":65,"column":8}},"26":{"start":{"line":67,"column":6},"end":{"line":71,"column":8}},"27":{"start":{"line":73,"column":6},"end":{"line":73,"column":44}},"28":{"start":{"line":75,"column":6},"end":{"line":81,"column":7}},"29":{"start":{"line":76,"column":8},"end":{"line":76,"column":23}},"30":{"start":{"line":77,"column":13},"end":{"line":81,"column":7}},"31":{"start":{"line":78,"column":8},"end":{"line":78,"column":55}},"32":{"start":{"line":80,"column":8},"end":{"line":80,"column":20}},"33":{"start":{"line":91,"column":0},"end":{"line":109,"column":2}},"34":{"start":{"line":92,"column":2},"end":{"line":108,"column":3}},"35":{"start":{"line":94,"column":6},"end":{"line":94,"column":19}},"36":{"start":{"line":96,"column":6},"end":{"line":96,"column":21}},"37":{"start":{"line":98,"column":6},"end":{"line":102,"column":7}},"38":{"start":{"line":99,"column":8},"end":{"line":101,"column":9}},"39":{"start":{"line":100,"column":10},"end":{"line":100,"column":19}},"40":{"start":{"line":103,"column":6},"end":{"line":107,"column":7}},"41":{"start":{"line":104,"column":8},"end":{"line":104,"column":44}},"42":{"start":{"line":106,"column":8},"end":{"line":106,"column":20}},"43":{"start":{"line":119,"column":0},"end":{"line":132,"column":2}},"44":{"start":{"line":120,"column":2},"end":{"line":122,"column":3}},"45":{"start":{"line":121,"column":4},"end":{"line":121,"column":17}},"46":{"start":{"line":123,"column":2},"end":{"line":130,"column":3}},"47":{"start":{"line":124,"column":4},"end":{"line":128,"column":6}},"48":{"start":{"line":129,"column":4},"end":{"line":129,"column":16}},"49":{"start":{"line":131,"column":2},"end":{"line":131,"column":15}},"50":{"start":{"line":138,"column":0},"end":{"line":143,"column":2}},"51":{"start":{"line":139,"column":2},"end":{"line":139,"column":52}},"52":{"start":{"line":140,"column":2},"end":{"line":140,"column":26}},"53":{"start":{"line":141,"column":2},"end":{"line":141,"column":28}},"54":{"start":{"line":142,"column":2},"end":{"line":142,"column":15}},"55":{"start":{"line":149,"column":0},"end":{"line":157,"column":2}},"56":{"start":{"line":150,"column":2},"end":{"line":150,"column":32}},"57":{"start":{"line":151,"column":2},"end":{"line":155,"column":3}},"58":{"start":{"line":152,"column":4},"end":{"line":152,"column":37}},"59":{"start":{"line":154,"column":4},"end":{"line":154,"column":29}},"60":{"start":{"line":156,"column":2},"end":{"line":156,"column":15}},"61":{"start":{"line":165,"column":0},"end":{"line":167,"column":2}},"62":{"start":{"line":166,"column":2},"end":{"line":166,"column":83}},"63":{"start":{"line":175,"column":0},"end":{"line":177,"column":2}},"64":{"start":{"line":176,"column":2},"end":{"line":176,"column":76}},"65":{"start":{"line":184,"column":0},"end":{"line":201,"column":2}},"66":{"start":{"line":185,"column":2},"end":{"line":185,"column":37}},"67":{"start":{"line":186,"column":2},"end":{"line":198,"column":3}},"68":{"start":{"line":188,"column":4},"end":{"line":188,"column":18}},"69":{"start":{"line":191,"column":4},"end":{"line":197,"column":5}},"70":{"start":{"line":192,"column":6},"end":{"line":192,"column":43}},"71":{"start":{"line":193,"column":6},"end":{"line":196,"column":7}},"72":{"start":{"line":195,"column":8},"end":{"line":195,"column":14}},"73":{"start":{"line":199,"column":2},"end":{"line":199,"column":41}},"74":{"start":{"line":200,"column":2},"end":{"line":200,"column":16}},"75":{"start":{"line":209,"column":0},"end":{"line":223,"column":2}},"76":{"start":{"line":210,"column":2},"end":{"line":221,"column":3}},"77":{"start":{"line":211,"column":4},"end":{"line":211,"column":64}},"78":{"start":{"line":212,"column":4},"end":{"line":214,"column":5}},"79":{"start":{"line":213,"column":6},"end":{"line":213,"column":19}},"80":{"start":{"line":215,"column":4},"end":{"line":219,"column":6}},"81":{"start":{"line":220,"column":4},"end":{"line":220,"column":16}},"82":{"start":{"line":222,"column":2},"end":{"line":222,"column":15}}},"branchMap":{"1":{"line":12,"type":"if","locations":[{"start":{"line":12,"column":2},"end":{"line":12,"column":2}},{"start":{"line":12,"column":2},"end":{"line":12,"column":2}}]},"2":{"line":25,"type":"if","locations":[{"start":{"line":25,"column":2},"end":{"line":25,"column":2}},{"start":{"line":25,"column":2},"end":{"line":25,"column":2}}]},"3":{"line":40,"type":"switch","locations":[{"start":{"line":41,"column":4},"end":{"line":42,"column":52}},{"start":{"line":43,"column":4},"end":{"line":44,"column":45}},{"start":{"line":45,"column":4},"end":{"line":54,"column":7}}]},"4":{"line":48,"type":"if","locations":[{"start":{"line":48,"column":6},"end":{"line":48,"column":6}},{"start":{"line":48,"column":6},"end":{"line":48,"column":6}}]},"5":{"line":50,"type":"if","locations":[{"start":{"line":50,"column":13},"end":{"line":50,"column":13}},{"start":{"line":50,"column":13},"end":{"line":50,"column":13}}]},"6":{"line":50,"type":"binary-expr","locations":[{"start":{"line":50,"column":17},"end":{"line":50,"column":27}},{"start":{"line":50,"column":31},"end":{"line":50,"column":42}}]},"7":{"line":59,"type":"switch","locations":[{"start":{"line":60,"column":4},"end":{"line":65,"column":8}},{"start":{"line":66,"column":4},"end":{"line":71,"column":8}},{"start":{"line":72,"column":4},"end":{"line":81,"column":7}}]},"8":{"line":75,"type":"if","locations":[{"start":{"line":75,"column":6},"end":{"line":75,"column":6}},{"start":{"line":75,"column":6},"end":{"line":75,"column":6}}]},"9":{"line":77,"type":"if","locations":[{"start":{"line":77,"column":13},"end":{"line":77,"column":13}},{"start":{"line":77,"column":13},"end":{"line":77,"column":13}}]},"10":{"line":92,"type":"switch","locations":[{"start":{"line":93,"column":4},"end":{"line":94,"column":19}},{"start":{"line":95,"column":4},"end":{"line":96,"column":21}},{"start":{"line":97,"column":4},"end":{"line":107,"column":7}}]},"11":{"line":99,"type":"if","locations":[{"start":{"line":99,"column":8},"end":{"line":99,"column":8}},{"start":{"line":99,"column":8},"end":{"line":99,"column":8}}]},"12":{"line":103,"type":"if","locations":[{"start":{"line":103,"column":6},"end":{"line":103,"column":6}},{"start":{"line":103,"column":6},"end":{"line":103,"column":6}}]},"13":{"line":103,"type":"binary-expr","locations":[{"start":{"line":103,"column":10},"end":{"line":103,"column":20}},{"start":{"line":103,"column":24},"end":{"line":103,"column":35}}]},"14":{"line":120,"type":"if","locations":[{"start":{"line":120,"column":2},"end":{"line":120,"column":2}},{"start":{"line":120,"column":2},"end":{"line":120,"column":2}}]},"15":{"line":123,"type":"if","locations":[{"start":{"line":123,"column":2},"end":{"line":123,"column":2}},{"start":{"line":123,"column":2},"end":{"line":123,"column":2}}]},"16":{"line":151,"type":"if","locations":[{"start":{"line":151,"column":2},"end":{"line":151,"column":2}},{"start":{"line":151,"column":2},"end":{"line":151,"column":2}}]},"17":{"line":166,"type":"binary-expr","locations":[{"start":{"line":166,"column":9},"end":{"line":166,"column":26}},{"start":{"line":166,"column":30},"end":{"line":166,"column":82}}]},"18":{"line":176,"type":"binary-expr","locations":[{"start":{"line":176,"column":9},"end":{"line":176,"column":26}},{"start":{"line":176,"column":30},"end":{"line":176,"column":75}}]},"19":{"line":186,"type":"if","locations":[{"start":{"line":186,"column":2},"end":{"line":186,"column":2}},{"start":{"line":186,"column":2},"end":{"line":186,"column":2}}]},"20":{"line":193,"type":"if","locations":[{"start":{"line":193,"column":6},"end":{"line":193,"column":6}},{"start":{"line":193,"column":6},"end":{"line":193,"column":6}}]},"21":{"line":210,"type":"if","locations":[{"start":{"line":210,"column":2},"end":{"line":210,"column":2}},{"start":{"line":210,"column":2},"end":{"line":210,"column":2}}]},"22":{"line":212,"type":"if","locations":[{"start":{"line":212,"column":4},"end":{"line":212,"column":4}},{"start":{"line":212,"column":4},"end":{"line":212,"column":4}}]},"23":{"line":212,"type":"binary-expr","locations":[{"start":{"line":212,"column":8},"end":{"line":212,"column":15}},{"start":{"line":212,"column":19},"end":{"line":212,"column":40}},{"start":{"line":212,"column":44},"end":{"line":212,"column":60}}]}},"code":["'use strict';","","module.exports = NamespaceContext;","","/**"," * Scope for XML namespaces"," * @param {NamespaceScope} [parent] Parent scope"," * @returns {NamespaceScope}"," * @constructor"," */","function NamespaceScope(parent) {","  if (!(this instanceof NamespaceScope)) {","    return new NamespaceScope(parent);","  }","  this.parent = parent;","  this.namespaces = {};","}","","/**"," * Namespace context that manages hierarchical scopes"," * @returns {NamespaceContext}"," * @constructor"," */","function NamespaceContext() {","  if (!(this instanceof NamespaceContext)) {","    return new NamespaceContext();","  }","  this.scopes = [];","  this.pushContext();","  this.prefixCount = 0;","}","","/**"," * Look up the namespace URI by prefix"," * @param {String} prefix Namespace prefix"," * @param {Boolean} [localOnly] Search current scope only"," * @returns {String} Namespace URI"," */","NamespaceScope.prototype.getNamespaceURI = function(prefix, localOnly) {","  switch (prefix) {","    case 'xml':","      return 'http://www.w3.org/XML/1998/namespace';","    case 'xmlns':","      return 'http://www.w3.org/2000/xmlns/';","    default:","      var nsUri = this.namespaces[prefix];","      /*jshint -W116 */","      if (nsUri != null) {","        return nsUri.uri;","      } else if (!localOnly && this.parent) {","        return this.parent.getNamespaceURI(prefix);","      } else {","        return null;","      }","  }","};","","NamespaceScope.prototype.getNamespaceMapping = function(prefix) {","  switch (prefix) {","    case 'xml':","      return {","        uri: 'http://www.w3.org/XML/1998/namespace',","        prefix: 'xml',","        declared: true","      };","    case 'xmlns':","      return {","        uri: 'http://www.w3.org/2000/xmlns/',","        prefix: 'xmlns',","        declared: true","      };","    default:","      var mapping = this.namespaces[prefix];","      /*jshint -W116 */","      if (mapping != null) {","        return mapping;","      } else if (this.parent) {","        return this.parent.getNamespaceMapping(prefix);","      } else {","        return null;","      }","  }","};","","/**"," * Look up the namespace prefix by URI"," * @param {String} nsUri Namespace URI"," * @param {Boolean} [localOnly] Search current scope only"," * @returns {String} Namespace prefix"," */","NamespaceScope.prototype.getPrefix = function(nsUri, localOnly) {","  switch (nsUri) {","    case 'http://www.w3.org/XML/1998/namespace':","      return 'xml';","    case 'http://www.w3.org/2000/xmlns/':","      return 'xmlns';","    default:","      for (var p in this.namespaces) {","        if (this.namespaces[p].uri === nsUri) {","          return p;","        }","      }","      if (!localOnly && this.parent) {","        return this.parent.getPrefix(nsUri);","      } else {","        return null;","      }","  }","};","","/**"," * Add a prefix/URI namespace mapping"," * @param {String} prefix Namespace prefix"," * @param {String} nsUri Namespace URI"," * @param {Boolean} [localOnly] Search current scope only"," * @returns {boolean} true if the mapping is added or false if the mapping"," * already exists"," */","NamespaceContext.prototype.addNamespace = function(prefix, nsUri, localOnly) {","  if (this.getNamespaceURI(prefix, localOnly) === nsUri) {","    return false;","  }","  if (this.currentScope) {","    this.currentScope.namespaces[prefix] = {","      uri: nsUri,","      prefix: prefix,","      declared: false","    };","    return true;","  }","  return false;","};","","/**"," * Push a scope into the context"," * @returns {NamespaceScope} The current scope"," */","NamespaceContext.prototype.pushContext = function() {","  var scope = new NamespaceScope(this.currentScope);","  this.scopes.push(scope);","  this.currentScope = scope;","  return scope;","};","","/**"," * Pop a scope out of the context"," * @returns {NamespaceScope} The removed scope"," */","NamespaceContext.prototype.popContext = function() {","  var scope = this.scopes.pop();","  if (scope) {","    this.currentScope = scope.parent;","  } else {","    this.currentScope = null;","  }","  return scope;","};","","/**"," * Look up the namespace URI by prefix"," * @param {String} prefix Namespace prefix"," * @param {Boolean} [localOnly] Search current scope only"," * @returns {String} Namespace URI"," */","NamespaceContext.prototype.getNamespaceURI = function(prefix, localOnly) {","  return this.currentScope && this.currentScope.getNamespaceURI(prefix, localOnly);","};","","/**"," * Look up the namespace prefix by URI"," * @param {String} nsURI Namespace URI"," * @param {Boolean} [localOnly] Search current scope only"," * @returns {String} Namespace prefix"," */","NamespaceContext.prototype.getPrefix = function(nsUri, localOnly) {","  return this.currentScope && this.currentScope.getPrefix(nsUri, localOnly);","};","","/**"," * Register a namespace"," * @param {String} nsUri Namespace URI"," * @returns {String} The matching or generated namespace prefix"," */","NamespaceContext.prototype.registerNamespace = function(nsUri) {","  var prefix = this.getPrefix(nsUri);","  if (prefix) {","    // If the namespace has already mapped to a prefix","    return prefix;","  } else {","    // Try to generate a unique namespace","    while (true) {","      prefix = 'ns' + (++this.prefixCount);","      if (!this.getNamespaceURI(prefix)) {","        // The prefix is not used","        break;","      }","    }","  }","  this.addNamespace(prefix, nsUri, true);","  return prefix;","};","","/**"," * Declare a namespace prefix/uri mapping"," * @param {String} prefix Namespace prefix"," * @param {String} nsUri Namespace URI"," * @returns {Boolean} true if the declaration is created"," */","NamespaceContext.prototype.declareNamespace = function(prefix, nsUri) {","  if (this.currentScope) {","    var mapping = this.currentScope.getNamespaceMapping(prefix);","    if (mapping && mapping.uri === nsUri && mapping.declared) {","      return false;","    }","    this.currentScope.namespaces[prefix] = {","      uri: nsUri,","      prefix: prefix,","      declared: true","    };","    return true;","  }","  return false;","};",""],"l":{"3":1,"11":1,"12":0,"13":0,"15":0,"16":0,"24":1,"25":0,"26":0,"28":0,"29":0,"30":0,"39":1,"40":0,"42":0,"44":0,"46":0,"48":0,"49":0,"50":0,"51":0,"53":0,"58":1,"59":0,"61":0,"67":0,"73":0,"75":0,"76":0,"77":0,"78":0,"80":0,"91":1,"92":0,"94":0,"96":0,"98":0,"99":0,"100":0,"103":0,"104":0,"106":0,"119":1,"120":0,"121":0,"123":0,"124":0,"129":0,"131":0,"138":1,"139":0,"140":0,"141":0,"142":0,"149":1,"150":0,"151":0,"152":0,"154":0,"156":0,"165":1,"166":0,"175":1,"176":0,"184":1,"185":0,"186":0,"188":0,"191":0,"192":0,"193":0,"195":0,"199":0,"200":0,"209":1,"210":0,"211":0,"212":0,"213":0,"215":0,"220":0,"222":0}}}